<?xml version="1.0" encoding="UTF-8"?>
<testsuite xmlns:xsi="http://www.w3.org/2001/XMLSchema-instance" xsi:noNamespaceSchemaLocation="https://maven.apache.org/surefire/maven-surefire-plugin/xsd/surefire-test-report-3.0.xsd" version="3.0" name="TestSuite" time="14.854" tests="18" errors="0" skipped="0" failures="18">
  <properties>
[...]
</properties>
  <testcase name="runScenario" classname="testRunner.ProductOrderRunner" time="4.065">
    <failure message="Cannot locate an element using xpath=//a[@class=&apos;login&apos;]&#10;For documentation on this error, please visit: https://www.seleniumhq.org/exceptions/no_such_element.html&#10;Build info: version: &apos;3.141.59&apos;, revision: &apos;e82be7d358&apos;, time: &apos;2018-11-14T08:17:03&apos;&#10;System info: host: &apos;ITTIQ13R&apos;, ip: &apos;192.168.137.1&apos;, os.name: &apos;Windows 10&apos;, os.arch: &apos;amd64&apos;, os.version: &apos;10.0&apos;, java.version: &apos;11.0.11&apos;&#10;Driver info: driver.version: RemoteWebDriver" type="org.openqa.selenium.NoSuchElementException">org.openqa.selenium.NoSuchElementException: 
Cannot locate an element using xpath=//a[@class='login']
For documentation on this error, please visit: https://www.seleniumhq.org/exceptions/no_such_element.html
Build info: version: '3.141.59', revision: 'e82be7d358', time: '2018-11-14T08:17:03'
System info: host: 'ITTIQ13R', ip: '192.168.137.1', os.name: 'Windows 10', os.arch: 'amd64', os.version: '10.0', java.version: '11.0.11'
Driver info: driver.version: RemoteWebDriver
</failure>
    <system-out><![CDATA[
@SigndIn
Scenario Outline: Validate that the order is placed in order history page after authenticating as new user &amp#27;[90m# src/test/java/features/productOrder.feature:36&amp#27;[0m
  &amp#27;[32mGiven &amp#27;[0m&amp#27;[32mautomationpractice website is opened&amp#27;[0m                                                               &amp#27;[90m# stepDef.ProductOrderSteps.automationpractice_website_is_opened()&amp#27;[0m
  &amp#27;[31mWhen &amp#27;[0m&amp#27;[31mpress Sign in&amp#27;[0m                                                                                       &amp#27;[90m# stepDef.ProductOrderSteps.press_sign_in()&amp#27;[0m
      &amp#27;[31morg.openqa.selenium.NoSuchElementException: Cannot locate an element using xpath=//a[@class='login']
For documentation on this error, please visit: https://www.seleniumhq.org/exceptions/no_such_element.html
Build info: version: '3.141.59', revision: 'e82be7d358', time: '2018-11-14T08:17:03'
System info: host: 'ITTIQ13R', ip: '192.168.137.1', os.name: 'Windows 10', os.arch: 'amd64', os.version: '10.0', java.version: '11.0.11'
Driver info: driver.version: RemoteWebDriver
	at org.openqa.selenium.remote.RemoteWebDriver.findElement(RemoteWebDriver.java:327)
	at org.openqa.selenium.remote.RemoteWebDriver.findElementByXPath(RemoteWebDriver.java:428)
	at org.openqa.selenium.By$ByXPath.findElement(By.java:353)
	at org.openqa.selenium.remote.RemoteWebDriver.findElement(RemoteWebDriver.java:315)
	at org.openqa.selenium.support.pagefactory.DefaultElementLocator.findElement(DefaultElementLocator.java:69)
	at org.openqa.selenium.support.pagefactory.internal.LocatingElementHandler.invoke(LocatingElementHandler.java:38)
	at com.sun.proxy.$Proxy18.click(Unknown Source)
	at pages.Home.signIn(Home.java:35)
	at stepDef.ProductOrderSteps.press_sign_in(ProductOrderSteps.java:31)
	at âœ½.press Sign in(file:///D:/Ahmed%20Nagiub/AutomationPractice/src/test/java/features/productOrder.feature:7)
&amp#27;[0m
  &amp#27;[36mAnd &amp#27;[0m&amp#27;[36mwrite new "&amp#27;[0m&amp#27;[36m&amp#27;[1mtest1@moakt.cc&amp#27;[0m&amp#27;[36m"&amp#27;[0m                                                                           &amp#27;[90m# stepDef.ProductOrderSteps.write_new(java.lang.String)&amp#27;[0m
  &amp#27;[36mAnd &amp#27;[0m&amp#27;[36mpress create an account&amp#27;[0m                                                                              &amp#27;[90m# stepDef.ProductOrderSteps.press_create_an_account()&amp#27;[0m
  &amp#27;[36mAnd &amp#27;[0m&amp#27;[36mselect "&amp#27;[0m&amp#27;[36m&amp#27;[1mMr&amp#27;[0m&amp#27;[36m"&amp#27;[0m                                                                                          &amp#27;[90m# stepDef.ProductOrderSteps.select(java.lang.String)&amp#27;[0m
  &amp#27;[36mAnd &amp#27;[0m&amp#27;[36mwrite first name with value "&amp#27;[0m&amp#27;[36m&amp#27;[1mAutomation&amp#27;[0m&amp#27;[36m"&amp#27;[0m                                                             &amp#27;[90m# stepDef.ProductOrderSteps.write_first_name_with_vlue(java.lang.String)&amp#27;[0m
  &amp#27;[36mAnd &amp#27;[0m&amp#27;[36mwrite last name with value "&amp#27;[0m&amp#27;[36m&amp#27;[1mTest&amp#27;[0m&amp#27;[36m"&amp#27;[0m                                                                    &amp#27;[90m# stepDef.ProductOrderSteps.write_last_name_with_value(java.lang.String)&amp#27;[0m
  &amp#27;[36mAnd &amp#27;[0m&amp#27;[36mwrite password with value "&amp#27;[0m&amp#27;[36m&amp#27;[1mTest@123&amp#27;[0m&amp#27;[36m"&amp#27;[0m                                                                 &amp#27;[90m# stepDef.ProductOrderSteps.write_password_with_value_test(java.lang.String)&amp#27;[0m
  &amp#27;[36mAnd &amp#27;[0m&amp#27;[36mwrite address with value "&amp#27;[0m&amp#27;[36m&amp#27;[1mTestingAddress&amp#27;[0m&amp#27;[36m"&amp#27;[0m                                                            &amp#27;[90m# stepDef.ProductOrderSteps.write_address_with_value(java.lang.String)&amp#27;[0m
  &amp#27;[36mAnd &amp#27;[0m&amp#27;[36mwrite city "&amp#27;[0m&amp#27;[36m&amp#27;[1mSan Diago&amp#27;[0m&amp#27;[36m"&amp#27;[0m                                                                               &amp#27;[90m# stepDef.ProductOrderSteps.choose_city(java.lang.String)&amp#27;[0m
  &amp#27;[36mAnd &amp#27;[0m&amp#27;[36mchoose state "&amp#27;[0m&amp#27;[36m&amp#27;[1mCalifornia&amp#27;[0m&amp#27;[36m"&amp#27;[0m                                                                            &amp#27;[90m# stepDef.ProductOrderSteps.choose_state(java.lang.String)&amp#27;[0m
  &amp#27;[36mAnd &amp#27;[0m&amp#27;[36mwrite postal code with value "&amp#27;[0m&amp#27;[36m&amp#27;[1m91911&amp#27;[0m&amp#27;[36m"&amp#27;[0m                                                                 &amp#27;[90m# stepDef.ProductOrderSteps.write_postal_code_with_value(java.lang.String)&amp#27;[0m
  &amp#27;[36mAnd &amp#27;[0m&amp#27;[36mwrite mobile number with value "&amp#27;[0m&amp#27;[36m&amp#27;[1m01011111111&amp#27;[0m&amp#27;[36m"&amp#27;[0m                                                         &amp#27;[90m# stepDef.ProductOrderSteps.write_mobile_number_with_value(java.lang.String)&amp#27;[0m
  &amp#27;[36mAnd &amp#27;[0m&amp#27;[36mclick Register&amp#27;[0m                                                                                       &amp#27;[90m# stepDef.ProductOrderSteps.click_register()&amp#27;[0m
  &amp#27;[36mAnd &amp#27;[0m&amp#27;[36mselect the "&amp#27;[0m&amp#27;[36m&amp#27;[1mWOMEN&amp#27;[0m&amp#27;[36m"&amp#27;[0m                                                                                   &amp#27;[90m# stepDef.ProductOrderSteps.select_the(java.lang.String)&amp#27;[0m
  &amp#27;[36mAnd &amp#27;[0m&amp#27;[36mclick on "&amp#27;[0m&amp#27;[36m&amp#27;[1mBlouses&amp#27;[0m&amp#27;[36m"&amp#27;[0m                                                                                   &amp#27;[90m# stepDef.ProductOrderSteps.click_on(java.lang.String)&amp#27;[0m
  &amp#27;[36mAnd &amp#27;[0m&amp#27;[36mclick on "&amp#27;[0m&amp#27;[36m&amp#27;[1m<resultItem>&amp#27;[0m&amp#27;[36m" to buy&amp#27;[0m                                                                       &amp#27;[90m# stepDef.ProductOrderSteps.click_on_to_buy(java.lang.String)&amp#27;[0m
  &amp#27;[36mAnd &amp#27;[0m&amp#27;[36mclick on Add to Cart to enter the process&amp#27;[0m                                                            &amp#27;[90m# stepDef.ProductOrderSteps.click_on_add_to_cart_to_enter_the_process()&amp#27;[0m
  &amp#27;[36mAnd &amp#27;[0m&amp#27;[36mclick on Proceed to checkout to check product summary&amp#27;[0m                                                &amp#27;[90m# stepDef.ProductOrderSteps.click_on_proceed_to_checkout_to_check_product_summary()&amp#27;[0m
  &amp#27;[36mAnd &amp#27;[0m&amp#27;[36mclick on Proceed to checkout for product summary&amp#27;[0m                                                     &amp#27;[90m# stepDef.ProductOrderSteps.click_on_proceed_to_checkout_for_product_summary()&amp#27;[0m
  &amp#27;[36mAnd &amp#27;[0m&amp#27;[36mclick on Proceed to checkout for address&amp#27;[0m                                                             &amp#27;[90m# stepDef.ProductOrderSteps.click_on_proceed_to_checkout_for_address()&amp#27;[0m
  &amp#27;[36mAnd &amp#27;[0m&amp#27;[36mclick on Terms of service checkbox&amp#27;[0m                                                                   &amp#27;[90m# stepDef.ProductOrderSteps.click_on_terms_of_servic_checkbox()&amp#27;[0m
  &amp#27;[36mAnd &amp#27;[0m&amp#27;[36mclick on Proceed to checkout for shipping&amp#27;[0m                                                            &amp#27;[90m# stepDef.ProductOrderSteps.click_on_proceed_to_checkout_for_shipping()&amp#27;[0m
  &amp#27;[36mAnd &amp#27;[0m&amp#27;[36mclick on pay by bank wire to choose the payment method&amp#27;[0m                                               &amp#27;[90m# stepDef.ProductOrderSteps.click_on_pay_by_bank_wire_to_choose_the_payment_method()&amp#27;[0m
  &amp#27;[36mAnd &amp#27;[0m&amp#27;[36mclick on I confirm my order to finish process&amp#27;[0m                                                        &amp#27;[90m# stepDef.ProductOrderSteps.click_on_i_confirm_my_order_to_finish_process()&amp#27;[0m
  &amp#27;[36mAnd &amp#27;[0m&amp#27;[36mclick on Back to orders to check order history&amp#27;[0m                                                       &amp#27;[90m# stepDef.ProductOrderSteps.click_on_back_to_orders_to_check_order_history()&amp#27;[0m
  &amp#27;[36mThen &amp#27;[0m&amp#27;[36mvalidate that the order is placed in order history page with the correct date and "&amp#27;[0m&amp#27;[36m&amp#27;[1m$29.00&amp#27;[0m&amp#27;[36m"&amp#27;[0m          &amp#27;[90m# stepDef.ProductOrderSteps.validate_that_the_order_is_placed_in_order_history_page_with_the_correct_date_and(java.lang.String)&amp#27;[0m
      &amp#27;[31morg.openqa.selenium.NoSuchWindowException: no such window: target window already closed
from unknown error: web view not found
  (Session info: chrome=92.0.4515.131)
Build info: version: '3.141.59', revision: 'e82be7d358', time: '2018-11-14T08:17:03'
System info: host: 'ITTIQ13R', ip: '192.168.137.1', os.name: 'Windows 10', os.arch: 'amd64', os.version: '10.0', java.version: '11.0.11'
Driver info: org.openqa.selenium.chrome.ChromeDriver
Capabilities {acceptInsecureCerts: false, browserName: chrome, browserVersion: 92.0.4515.131, chrome: {chromedriverVersion: 92.0.4515.107 (87a818b10553..., userDataDir: C:\Users\V19ANA~1\AppData\L...}, goog:chromeOptions: {debuggerAddress: localhost:57167}, javascriptEnabled: true, networkConnectionEnabled: false, pageLoadStrategy: normal, platform: WINDOWS, platformName: WINDOWS, proxy: Proxy(), setWindowRect: true, strictFileInteractability: false, timeouts: {implicit: 0, pageLoad: 300000, script: 30000}, unhandledPromptBehavior: dismiss and notify, webauthn:extension:credBlob: true, webauthn:extension:largeBlob: true, webauthn:virtualAuthenticators: true}
Session ID: cf13b4aeb06e70748595de8fe43867ae
*** Element info: {Using=link text, value=Sign out}
	at java.base/jdk.internal.reflect.NativeConstructorAccessorImpl.newInstance0(Native Method)
	at java.base/jdk.internal.reflect.NativeConstructorAccessorImpl.newInstance(NativeConstructorAccessorImpl.java:62)
	at java.base/jdk.internal.reflect.DelegatingConstructorAccessorImpl.newInstance(DelegatingConstructorAccessorImpl.java:45)
	at java.base/java.lang.reflect.Constructor.newInstance(Constructor.java:490)
	at org.openqa.selenium.remote.http.W3CHttpResponseCodec.createException(W3CHttpResponseCodec.java:187)
	at org.openqa.selenium.remote.http.W3CHttpResponseCodec.decode(W3CHttpResponseCodec.java:122)
	at org.openqa.selenium.remote.http.W3CHttpResponseCodec.decode(W3CHttpResponseCodec.java:49)
	at org.openqa.selenium.remote.HttpCommandExecutor.execute(HttpCommandExecutor.java:158)
	at org.openqa.selenium.remote.service.DriverCommandExecutor.execute(DriverCommandExecutor.java:83)
	at org.openqa.selenium.remote.RemoteWebDriver.execute(RemoteWebDriver.java:552)
	at org.openqa.selenium.remote.RemoteWebDriver.findElement(RemoteWebDriver.java:323)
	at org.openqa.selenium.remote.RemoteWebDriver.findElementByLinkText(RemoteWebDriver.java:380)
	at org.openqa.selenium.By$ByLinkText.findElement(By.java:220)
	at org.openqa.selenium.remote.RemoteWebDriver.findElement(RemoteWebDriver.java:315)
	at org.openqa.selenium.support.pagefactory.DefaultElementLocator.findElement(DefaultElementLocator.java:69)
	at org.openqa.selenium.support.pagefactory.internal.LocatingElementHandler.invoke(LocatingElementHandler.java:38)
	at com.sun.proxy.$Proxy18.click(Unknown Source)
	at pages.Home.signOut(Home.java:40)
&amp#27;[0m
]]></system-out>
    <system-err><![CDATA[SLF4J: Failed to load class "org.slf4j.impl.StaticLoggerBinder".
SLF4J: Defaulting to no-operation (NOP) logger implementation
SLF4J: See http://www.slf4j.org/codes.html#StaticLoggerBinder for further details.
Starting ChromeDriver 92.0.4515.107 (87a818b10553a07434ea9e2b6dccf3cbe7895134-refs/branch-heads/4515@{#1634}) on port 4057
Only local connections are allowed.
Please see https://chromedriver.chromium.org/security-considerations for suggestions on keeping ChromeDriver safe.
ChromeDriver was started successfully.
Aug 18, 2021 3:03:11 PM org.openqa.selenium.remote.ProtocolHandshake createSession
INFO: Detected dialect: W3C
Aug 18, 2021 3:03:12 PM io.cucumber.core.runtime.FeaturePathFeatureSupplier get
WARNING: No features found at classpath:/utilities
Aug 18, 2021 3:03:12 PM io.cucumber.core.runtime.FeaturePathFeatureSupplier get
WARNING: No features found at classpath:/pages
[1629291797.158][SEVERE]: Unable to receive message from renderer
]]></system-err>
  </testcase>
  <testcase name="runScenario" classname="testRunner.AccountCreationRunner" time="0.279">
    <failure message="no such window: target window already closed&#10;from unknown error: web view not found&#10;  (Session info: chrome=92.0.4515.131)&#10;Build info: version: &apos;3.141.59&apos;, revision: &apos;e82be7d358&apos;, time: &apos;2018-11-14T08:17:03&apos;&#10;System info: host: &apos;ITTIQ13R&apos;, ip: &apos;192.168.137.1&apos;, os.name: &apos;Windows 10&apos;, os.arch: &apos;amd64&apos;, os.version: &apos;10.0&apos;, java.version: &apos;11.0.11&apos;&#10;Driver info: org.openqa.selenium.chrome.ChromeDriver&#10;Capabilities {acceptInsecureCerts: false, browserName: chrome, browserVersion: 92.0.4515.131, chrome: {chromedriverVersion: 92.0.4515.107 (87a818b10553..., userDataDir: C:\Users\V19ANA~1\AppData\L...}, goog:chromeOptions: {debuggerAddress: localhost:57167}, javascriptEnabled: true, networkConnectionEnabled: false, pageLoadStrategy: normal, platform: WINDOWS, platformName: WINDOWS, proxy: Proxy(), setWindowRect: true, strictFileInteractability: false, timeouts: {implicit: 0, pageLoad: 300000, script: 30000}, unhandledPromptBehavior: dismiss and notify, webauthn:extension:credBlob: true, webauthn:extension:largeBlob: true, webauthn:virtualAuthenticators: true}&#10;Session ID: cf13b4aeb06e70748595de8fe43867ae" type="org.openqa.selenium.NoSuchWindowException">org.openqa.selenium.NoSuchWindowException: 
no such window: target window already closed
from unknown error: web view not found
  (Session info: chrome=92.0.4515.131)
Build info: version: '3.141.59', revision: 'e82be7d358', time: '2018-11-14T08:17:03'
System info: host: 'ITTIQ13R', ip: '192.168.137.1', os.name: 'Windows 10', os.arch: 'amd64', os.version: '10.0', java.version: '11.0.11'
Driver info: org.openqa.selenium.chrome.ChromeDriver
Capabilities {acceptInsecureCerts: false, browserName: chrome, browserVersion: 92.0.4515.131, chrome: {chromedriverVersion: 92.0.4515.107 (87a818b10553..., userDataDir: C:\Users\V19ANA~1\AppData\L...}, goog:chromeOptions: {debuggerAddress: localhost:57167}, javascriptEnabled: true, networkConnectionEnabled: false, pageLoadStrategy: normal, platform: WINDOWS, platformName: WINDOWS, proxy: Proxy(), setWindowRect: true, strictFileInteractability: false, timeouts: {implicit: 0, pageLoad: 300000, script: 30000}, unhandledPromptBehavior: dismiss and notify, webauthn:extension:credBlob: true, webauthn:extension:largeBlob: true, webauthn:virtualAuthenticators: true}
Session ID: cf13b4aeb06e70748595de8fe43867ae
</failure>
    <system-out><![CDATA[
Scenario Outline: Validate the correct response according to different cases for email address &amp#27;[90m# src/test/java/features/accountCreation.feature:13&amp#27;[0m
  &amp#27;[31mGiven &amp#27;[0m&amp#27;[31mopen automation practic website and have email account with status "&amp#27;[0m&amp#27;[31m&amp#27;[1mempty&amp#27;[0m&amp#27;[31m"&amp#27;[0m             &amp#27;[90m# stepDef.AccountCreationSteps.open_automation_practic_website_and_have_email_account_with_status(java.lang.String)&amp#27;[0m
      &amp#27;[31morg.openqa.selenium.NoSuchWindowException: no such window: target window already closed
from unknown error: web view not found
  (Session info: chrome=92.0.4515.131)
Build info: version: '3.141.59', revision: 'e82be7d358', time: '2018-11-14T08:17:03'
System info: host: 'ITTIQ13R', ip: '192.168.137.1', os.name: 'Windows 10', os.arch: 'amd64', os.version: '10.0', java.version: '11.0.11'
Driver info: org.openqa.selenium.chrome.ChromeDriver
Capabilities {acceptInsecureCerts: false, browserName: chrome, browserVersion: 92.0.4515.131, chrome: {chromedriverVersion: 92.0.4515.107 (87a818b10553..., userDataDir: C:\Users\V19ANA~1\AppData\L...}, goog:chromeOptions: {debuggerAddress: localhost:57167}, javascriptEnabled: true, networkConnectionEnabled: false, pageLoadStrategy: normal, platform: WINDOWS, platformName: WINDOWS, proxy: Proxy(), setWindowRect: true, strictFileInteractability: false, timeouts: {implicit: 0, pageLoad: 300000, script: 30000}, unhandledPromptBehavior: dismiss and notify, webauthn:extension:credBlob: true, webauthn:extension:largeBlob: true, webauthn:virtualAuthenticators: true}
Session ID: cf13b4aeb06e70748595de8fe43867ae
	at java.base/jdk.internal.reflect.NativeConstructorAccessorImpl.newInstance0(Native Method)
	at java.base/jdk.internal.reflect.NativeConstructorAccessorImpl.newInstance(NativeConstructorAccessorImpl.java:62)
	at java.base/jdk.internal.reflect.DelegatingConstructorAccessorImpl.newInstance(DelegatingConstructorAccessorImpl.java:45)
	at java.base/java.lang.reflect.Constructor.newInstance(Constructor.java:490)
	at org.openqa.selenium.remote.http.W3CHttpResponseCodec.createException(W3CHttpResponseCodec.java:187)
	at org.openqa.selenium.remote.http.W3CHttpResponseCodec.decode(W3CHttpResponseCodec.java:122)
	at org.openqa.selenium.remote.http.W3CHttpResponseCodec.decode(W3CHttpResponseCodec.java:49)
	at org.openqa.selenium.remote.HttpCommandExecutor.execute(HttpCommandExecutor.java:158)
	at org.openqa.selenium.remote.service.DriverCommandExecutor.execute(DriverCommandExecutor.java:83)
	at org.openqa.selenium.remote.RemoteWebDriver.execute(RemoteWebDriver.java:552)
	at org.openqa.selenium.remote.RemoteWebDriver.get(RemoteWebDriver.java:277)
	at utilities.TestBase.openWebsite(TestBase.java:65)
	at stepDef.AccountCreationSteps.open_automation_practic_website_and_have_email_account_with_status(AccountCreationSteps.java:21)
	at âœ½.open automation practic website and have email account with status "empty"(file:///D:/Ahmed%20Nagiub/AutomationPractice/src/test/java/features/accountCreation.feature:5)
&amp#27;[0m
  &amp#27;[36mWhen &amp#27;[0m&amp#27;[36mclick sign in&amp#27;[0m                                                                           &amp#27;[90m# stepDef.AccountCreationSteps.click_sign_in()&amp#27;[0m
  &amp#27;[36mAnd &amp#27;[0m&amp#27;[36mwrite email address with value "&amp#27;[0m&amp#27;[36m&amp#27;[1m&amp#27;[0m&amp#27;[36m"&amp#27;[0m                                                        &amp#27;[90m# stepDef.AccountCreationSteps.write_email_address_with_value(java.lang.String)&amp#27;[0m
  &amp#27;[36mAnd &amp#27;[0m&amp#27;[36mpress create an account&amp#27;[0m                                                                  &amp#27;[90m# stepDef.ProductOrderSteps.press_create_an_account()&amp#27;[0m
  &amp#27;[36mThen &amp#27;[0m&amp#27;[36mvalidate on page "&amp#27;[0m&amp#27;[36m&amp#27;[1mInvalid email address.&amp#27;[0m&amp#27;[36m" according to "&amp#27;[0m&amp#27;[36m&amp#27;[1mempty&amp#27;[0m&amp#27;[36m"&amp#27;[0m                          &amp#27;[90m# stepDef.AccountCreationSteps.validate_on_page(java.lang.String,java.lang.String)&amp#27;[0m
]]></system-out>
  </testcase>
  <testcase name="runScenario" classname="testRunner.AccountCreationRunner" time="0.017">
    <failure message="no such window: target window already closed&#10;from unknown error: web view not found&#10;  (Session info: chrome=92.0.4515.131)&#10;Build info: version: &apos;3.141.59&apos;, revision: &apos;e82be7d358&apos;, time: &apos;2018-11-14T08:17:03&apos;&#10;System info: host: &apos;ITTIQ13R&apos;, ip: &apos;192.168.137.1&apos;, os.name: &apos;Windows 10&apos;, os.arch: &apos;amd64&apos;, os.version: &apos;10.0&apos;, java.version: &apos;11.0.11&apos;&#10;Driver info: org.openqa.selenium.chrome.ChromeDriver&#10;Capabilities {acceptInsecureCerts: false, browserName: chrome, browserVersion: 92.0.4515.131, chrome: {chromedriverVersion: 92.0.4515.107 (87a818b10553..., userDataDir: C:\Users\V19ANA~1\AppData\L...}, goog:chromeOptions: {debuggerAddress: localhost:57167}, javascriptEnabled: true, networkConnectionEnabled: false, pageLoadStrategy: normal, platform: WINDOWS, platformName: WINDOWS, proxy: Proxy(), setWindowRect: true, strictFileInteractability: false, timeouts: {implicit: 0, pageLoad: 300000, script: 30000}, unhandledPromptBehavior: dismiss and notify, webauthn:extension:credBlob: true, webauthn:extension:largeBlob: true, webauthn:virtualAuthenticators: true}&#10;Session ID: cf13b4aeb06e70748595de8fe43867ae" type="org.openqa.selenium.NoSuchWindowException">org.openqa.selenium.NoSuchWindowException: 
no such window: target window already closed
from unknown error: web view not found
  (Session info: chrome=92.0.4515.131)
Build info: version: '3.141.59', revision: 'e82be7d358', time: '2018-11-14T08:17:03'
System info: host: 'ITTIQ13R', ip: '192.168.137.1', os.name: 'Windows 10', os.arch: 'amd64', os.version: '10.0', java.version: '11.0.11'
Driver info: org.openqa.selenium.chrome.ChromeDriver
Capabilities {acceptInsecureCerts: false, browserName: chrome, browserVersion: 92.0.4515.131, chrome: {chromedriverVersion: 92.0.4515.107 (87a818b10553..., userDataDir: C:\Users\V19ANA~1\AppData\L...}, goog:chromeOptions: {debuggerAddress: localhost:57167}, javascriptEnabled: true, networkConnectionEnabled: false, pageLoadStrategy: normal, platform: WINDOWS, platformName: WINDOWS, proxy: Proxy(), setWindowRect: true, strictFileInteractability: false, timeouts: {implicit: 0, pageLoad: 300000, script: 30000}, unhandledPromptBehavior: dismiss and notify, webauthn:extension:credBlob: true, webauthn:extension:largeBlob: true, webauthn:virtualAuthenticators: true}
Session ID: cf13b4aeb06e70748595de8fe43867ae
</failure>
    <system-out><![CDATA[
Scenario Outline: Validate the correct response according to different cases for email address &amp#27;[90m# src/test/java/features/accountCreation.feature:14&amp#27;[0m
  &amp#27;[31mGiven &amp#27;[0m&amp#27;[31mopen automation practic website and have email account with status "&amp#27;[0m&amp#27;[31m&amp#27;[1minvalid&amp#27;[0m&amp#27;[31m"&amp#27;[0m           &amp#27;[90m# stepDef.AccountCreationSteps.open_automation_practic_website_and_have_email_account_with_status(java.lang.String)&amp#27;[0m
      &amp#27;[31morg.openqa.selenium.NoSuchWindowException: no such window: target window already closed
from unknown error: web view not found
  (Session info: chrome=92.0.4515.131)
Build info: version: '3.141.59', revision: 'e82be7d358', time: '2018-11-14T08:17:03'
System info: host: 'ITTIQ13R', ip: '192.168.137.1', os.name: 'Windows 10', os.arch: 'amd64', os.version: '10.0', java.version: '11.0.11'
Driver info: org.openqa.selenium.chrome.ChromeDriver
Capabilities {acceptInsecureCerts: false, browserName: chrome, browserVersion: 92.0.4515.131, chrome: {chromedriverVersion: 92.0.4515.107 (87a818b10553..., userDataDir: C:\Users\V19ANA~1\AppData\L...}, goog:chromeOptions: {debuggerAddress: localhost:57167}, javascriptEnabled: true, networkConnectionEnabled: false, pageLoadStrategy: normal, platform: WINDOWS, platformName: WINDOWS, proxy: Proxy(), setWindowRect: true, strictFileInteractability: false, timeouts: {implicit: 0, pageLoad: 300000, script: 30000}, unhandledPromptBehavior: dismiss and notify, webauthn:extension:credBlob: true, webauthn:extension:largeBlob: true, webauthn:virtualAuthenticators: true}
Session ID: cf13b4aeb06e70748595de8fe43867ae
	at java.base/jdk.internal.reflect.NativeConstructorAccessorImpl.newInstance0(Native Method)
	at java.base/jdk.internal.reflect.NativeConstructorAccessorImpl.newInstance(NativeConstructorAccessorImpl.java:62)
	at java.base/jdk.internal.reflect.DelegatingConstructorAccessorImpl.newInstance(DelegatingConstructorAccessorImpl.java:45)
	at java.base/java.lang.reflect.Constructor.newInstance(Constructor.java:490)
	at org.openqa.selenium.remote.http.W3CHttpResponseCodec.createException(W3CHttpResponseCodec.java:187)
	at org.openqa.selenium.remote.http.W3CHttpResponseCodec.decode(W3CHttpResponseCodec.java:122)
	at org.openqa.selenium.remote.http.W3CHttpResponseCodec.decode(W3CHttpResponseCodec.java:49)
	at org.openqa.selenium.remote.HttpCommandExecutor.execute(HttpCommandExecutor.java:158)
	at org.openqa.selenium.remote.service.DriverCommandExecutor.execute(DriverCommandExecutor.java:83)
	at org.openqa.selenium.remote.RemoteWebDriver.execute(RemoteWebDriver.java:552)
	at org.openqa.selenium.remote.RemoteWebDriver.get(RemoteWebDriver.java:277)
	at utilities.TestBase.openWebsite(TestBase.java:65)
	at stepDef.AccountCreationSteps.open_automation_practic_website_and_have_email_account_with_status(AccountCreationSteps.java:21)
	at âœ½.open automation practic website and have email account with status "invalid"(file:///D:/Ahmed%20Nagiub/AutomationPractice/src/test/java/features/accountCreation.feature:5)
&amp#27;[0m
  &amp#27;[36mWhen &amp#27;[0m&amp#27;[36mclick sign in&amp#27;[0m                                                                           &amp#27;[90m# stepDef.AccountCreationSteps.click_sign_in()&amp#27;[0m
  &amp#27;[36mAnd &amp#27;[0m&amp#27;[36mwrite email address with value "&amp#27;[0m&amp#27;[36m&amp#27;[1mtest&amp#27;[0m&amp#27;[36m"&amp#27;[0m                                                    &amp#27;[90m# stepDef.AccountCreationSteps.write_email_address_with_value(java.lang.String)&amp#27;[0m
  &amp#27;[36mAnd &amp#27;[0m&amp#27;[36mpress create an account&amp#27;[0m                                                                  &amp#27;[90m# stepDef.ProductOrderSteps.press_create_an_account()&amp#27;[0m
  &amp#27;[36mThen &amp#27;[0m&amp#27;[36mvalidate on page "&amp#27;[0m&amp#27;[36m&amp#27;[1mInvalid email address.&amp#27;[0m&amp#27;[36m" according to "&amp#27;[0m&amp#27;[36m&amp#27;[1minvalid&amp#27;[0m&amp#27;[36m"&amp#27;[0m                        &amp#27;[90m# stepDef.AccountCreationSteps.validate_on_page(java.lang.String,java.lang.String)&amp#27;[0m
]]></system-out>
  </testcase>
  <testcase name="runScenario" classname="testRunner.AccountCreationRunner" time="0.032">
    <failure message="no such window: target window already closed&#10;from unknown error: web view not found&#10;  (Session info: chrome=92.0.4515.131)&#10;Build info: version: &apos;3.141.59&apos;, revision: &apos;e82be7d358&apos;, time: &apos;2018-11-14T08:17:03&apos;&#10;System info: host: &apos;ITTIQ13R&apos;, ip: &apos;192.168.137.1&apos;, os.name: &apos;Windows 10&apos;, os.arch: &apos;amd64&apos;, os.version: &apos;10.0&apos;, java.version: &apos;11.0.11&apos;&#10;Driver info: org.openqa.selenium.chrome.ChromeDriver&#10;Capabilities {acceptInsecureCerts: false, browserName: chrome, browserVersion: 92.0.4515.131, chrome: {chromedriverVersion: 92.0.4515.107 (87a818b10553..., userDataDir: C:\Users\V19ANA~1\AppData\L...}, goog:chromeOptions: {debuggerAddress: localhost:57167}, javascriptEnabled: true, networkConnectionEnabled: false, pageLoadStrategy: normal, platform: WINDOWS, platformName: WINDOWS, proxy: Proxy(), setWindowRect: true, strictFileInteractability: false, timeouts: {implicit: 0, pageLoad: 300000, script: 30000}, unhandledPromptBehavior: dismiss and notify, webauthn:extension:credBlob: true, webauthn:extension:largeBlob: true, webauthn:virtualAuthenticators: true}&#10;Session ID: cf13b4aeb06e70748595de8fe43867ae" type="org.openqa.selenium.NoSuchWindowException">org.openqa.selenium.NoSuchWindowException: 
no such window: target window already closed
from unknown error: web view not found
  (Session info: chrome=92.0.4515.131)
Build info: version: '3.141.59', revision: 'e82be7d358', time: '2018-11-14T08:17:03'
System info: host: 'ITTIQ13R', ip: '192.168.137.1', os.name: 'Windows 10', os.arch: 'amd64', os.version: '10.0', java.version: '11.0.11'
Driver info: org.openqa.selenium.chrome.ChromeDriver
Capabilities {acceptInsecureCerts: false, browserName: chrome, browserVersion: 92.0.4515.131, chrome: {chromedriverVersion: 92.0.4515.107 (87a818b10553..., userDataDir: C:\Users\V19ANA~1\AppData\L...}, goog:chromeOptions: {debuggerAddress: localhost:57167}, javascriptEnabled: true, networkConnectionEnabled: false, pageLoadStrategy: normal, platform: WINDOWS, platformName: WINDOWS, proxy: Proxy(), setWindowRect: true, strictFileInteractability: false, timeouts: {implicit: 0, pageLoad: 300000, script: 30000}, unhandledPromptBehavior: dismiss and notify, webauthn:extension:credBlob: true, webauthn:extension:largeBlob: true, webauthn:virtualAuthenticators: true}
Session ID: cf13b4aeb06e70748595de8fe43867ae
</failure>
    <system-out><![CDATA[
Scenario Outline: Validate the correct response according to different cases for email address                                                                           &amp#27;[90m# src/test/java/features/accountCreation.feature:15&amp#27;[0m
  &amp#27;[31mGiven &amp#27;[0m&amp#27;[31mopen automation practic website and have email account with status "&amp#27;[0m&amp#27;[31m&amp#27;[1mregistered&amp#27;[0m&amp#27;[31m"&amp#27;[0m                                                                                  &amp#27;[90m# stepDef.AccountCreationSteps.open_automation_practic_website_and_have_email_account_with_status(java.lang.String)&amp#27;[0m
      &amp#27;[31morg.openqa.selenium.NoSuchWindowException: no such window: target window already closed
from unknown error: web view not found
  (Session info: chrome=92.0.4515.131)
Build info: version: '3.141.59', revision: 'e82be7d358', time: '2018-11-14T08:17:03'
System info: host: 'ITTIQ13R', ip: '192.168.137.1', os.name: 'Windows 10', os.arch: 'amd64', os.version: '10.0', java.version: '11.0.11'
Driver info: org.openqa.selenium.chrome.ChromeDriver
Capabilities {acceptInsecureCerts: false, browserName: chrome, browserVersion: 92.0.4515.131, chrome: {chromedriverVersion: 92.0.4515.107 (87a818b10553..., userDataDir: C:\Users\V19ANA~1\AppData\L...}, goog:chromeOptions: {debuggerAddress: localhost:57167}, javascriptEnabled: true, networkConnectionEnabled: false, pageLoadStrategy: normal, platform: WINDOWS, platformName: WINDOWS, proxy: Proxy(), setWindowRect: true, strictFileInteractability: false, timeouts: {implicit: 0, pageLoad: 300000, script: 30000}, unhandledPromptBehavior: dismiss and notify, webauthn:extension:credBlob: true, webauthn:extension:largeBlob: true, webauthn:virtualAuthenticators: true}
Session ID: cf13b4aeb06e70748595de8fe43867ae
	at java.base/jdk.internal.reflect.NativeConstructorAccessorImpl.newInstance0(Native Method)
	at java.base/jdk.internal.reflect.NativeConstructorAccessorImpl.newInstance(NativeConstructorAccessorImpl.java:62)
	at java.base/jdk.internal.reflect.DelegatingConstructorAccessorImpl.newInstance(DelegatingConstructorAccessorImpl.java:45)
	at java.base/java.lang.reflect.Constructor.newInstance(Constructor.java:490)
	at org.openqa.selenium.remote.http.W3CHttpResponseCodec.createException(W3CHttpResponseCodec.java:187)
	at org.openqa.selenium.remote.http.W3CHttpResponseCodec.decode(W3CHttpResponseCodec.java:122)
	at org.openqa.selenium.remote.http.W3CHttpResponseCodec.decode(W3CHttpResponseCodec.java:49)
	at org.openqa.selenium.remote.HttpCommandExecutor.execute(HttpCommandExecutor.java:158)
	at org.openqa.selenium.remote.service.DriverCommandExecutor.execute(DriverCommandExecutor.java:83)
	at org.openqa.selenium.remote.RemoteWebDriver.execute(RemoteWebDriver.java:552)
	at org.openqa.selenium.remote.RemoteWebDriver.get(RemoteWebDriver.java:277)
	at utilities.TestBase.openWebsite(TestBase.java:65)
	at stepDef.AccountCreationSteps.open_automation_practic_website_and_have_email_account_with_status(AccountCreationSteps.java:21)
	at âœ½.open automation practic website and have email account with status "registered"(file:///D:/Ahmed%20Nagiub/AutomationPractice/src/test/java/features/accountCreation.feature:5)
&amp#27;[0m
  &amp#27;[36mWhen &amp#27;[0m&amp#27;[36mclick sign in&amp#27;[0m                                                                                                                                                     &amp#27;[90m# stepDef.AccountCreationSteps.click_sign_in()&amp#27;[0m
  &amp#27;[36mAnd &amp#27;[0m&amp#27;[36mwrite email address with value "&amp#27;[0m&amp#27;[36m&amp#27;[1mtest@moakt.cc&amp#27;[0m&amp#27;[36m"&amp#27;[0m                                                                                                                     &amp#27;[90m# stepDef.AccountCreationSteps.write_email_address_with_value(java.lang.String)&amp#27;[0m
  &amp#27;[36mAnd &amp#27;[0m&amp#27;[36mpress create an account&amp#27;[0m                                                                                                                                            &amp#27;[90m# stepDef.ProductOrderSteps.press_create_an_account()&amp#27;[0m
  &amp#27;[36mThen &amp#27;[0m&amp#27;[36mvalidate on page "&amp#27;[0m&amp#27;[36m&amp#27;[1mAn account using this email address has already been registered. Please enter a valid password or request a new one.&amp#27;[0m&amp#27;[36m" according to "&amp#27;[0m&amp#27;[36m&amp#27;[1mregistered&amp#27;[0m&amp#27;[36m"&amp#27;[0m &amp#27;[90m# stepDef.AccountCreationSteps.validate_on_page(java.lang.String,java.lang.String)&amp#27;[0m
]]></system-out>
  </testcase>
  <testcase name="runScenario" classname="testRunner.AccountCreationRunner" time="0.13">
    <failure message="no such window: target window already closed&#10;from unknown error: web view not found&#10;  (Session info: chrome=92.0.4515.131)&#10;Build info: version: &apos;3.141.59&apos;, revision: &apos;e82be7d358&apos;, time: &apos;2018-11-14T08:17:03&apos;&#10;System info: host: &apos;ITTIQ13R&apos;, ip: &apos;192.168.137.1&apos;, os.name: &apos;Windows 10&apos;, os.arch: &apos;amd64&apos;, os.version: &apos;10.0&apos;, java.version: &apos;11.0.11&apos;&#10;Driver info: org.openqa.selenium.chrome.ChromeDriver&#10;Capabilities {acceptInsecureCerts: false, browserName: chrome, browserVersion: 92.0.4515.131, chrome: {chromedriverVersion: 92.0.4515.107 (87a818b10553..., userDataDir: C:\Users\V19ANA~1\AppData\L...}, goog:chromeOptions: {debuggerAddress: localhost:57167}, javascriptEnabled: true, networkConnectionEnabled: false, pageLoadStrategy: normal, platform: WINDOWS, platformName: WINDOWS, proxy: Proxy(), setWindowRect: true, strictFileInteractability: false, timeouts: {implicit: 0, pageLoad: 300000, script: 30000}, unhandledPromptBehavior: dismiss and notify, webauthn:extension:credBlob: true, webauthn:extension:largeBlob: true, webauthn:virtualAuthenticators: true}&#10;Session ID: cf13b4aeb06e70748595de8fe43867ae" type="org.openqa.selenium.NoSuchWindowException">org.openqa.selenium.NoSuchWindowException: 
no such window: target window already closed
from unknown error: web view not found
  (Session info: chrome=92.0.4515.131)
Build info: version: '3.141.59', revision: 'e82be7d358', time: '2018-11-14T08:17:03'
System info: host: 'ITTIQ13R', ip: '192.168.137.1', os.name: 'Windows 10', os.arch: 'amd64', os.version: '10.0', java.version: '11.0.11'
Driver info: org.openqa.selenium.chrome.ChromeDriver
Capabilities {acceptInsecureCerts: false, browserName: chrome, browserVersion: 92.0.4515.131, chrome: {chromedriverVersion: 92.0.4515.107 (87a818b10553..., userDataDir: C:\Users\V19ANA~1\AppData\L...}, goog:chromeOptions: {debuggerAddress: localhost:57167}, javascriptEnabled: true, networkConnectionEnabled: false, pageLoadStrategy: normal, platform: WINDOWS, platformName: WINDOWS, proxy: Proxy(), setWindowRect: true, strictFileInteractability: false, timeouts: {implicit: 0, pageLoad: 300000, script: 30000}, unhandledPromptBehavior: dismiss and notify, webauthn:extension:credBlob: true, webauthn:extension:largeBlob: true, webauthn:virtualAuthenticators: true}
Session ID: cf13b4aeb06e70748595de8fe43867ae
</failure>
    <system-out><![CDATA[
Scenario Outline: Validate the correct response according to different cases for email address &amp#27;[90m# src/test/java/features/accountCreation.feature:16&amp#27;[0m
  &amp#27;[31mGiven &amp#27;[0m&amp#27;[31mopen automation practic website and have email account with status "&amp#27;[0m&amp#27;[31m&amp#27;[1mnew&amp#27;[0m&amp#27;[31m"&amp#27;[0m               &amp#27;[90m# stepDef.AccountCreationSteps.open_automation_practic_website_and_have_email_account_with_status(java.lang.String)&amp#27;[0m
      &amp#27;[31morg.openqa.selenium.NoSuchWindowException: no such window: target window already closed
from unknown error: web view not found
  (Session info: chrome=92.0.4515.131)
Build info: version: '3.141.59', revision: 'e82be7d358', time: '2018-11-14T08:17:03'
System info: host: 'ITTIQ13R', ip: '192.168.137.1', os.name: 'Windows 10', os.arch: 'amd64', os.version: '10.0', java.version: '11.0.11'
Driver info: org.openqa.selenium.chrome.ChromeDriver
Capabilities {acceptInsecureCerts: false, browserName: chrome, browserVersion: 92.0.4515.131, chrome: {chromedriverVersion: 92.0.4515.107 (87a818b10553..., userDataDir: C:\Users\V19ANA~1\AppData\L...}, goog:chromeOptions: {debuggerAddress: localhost:57167}, javascriptEnabled: true, networkConnectionEnabled: false, pageLoadStrategy: normal, platform: WINDOWS, platformName: WINDOWS, proxy: Proxy(), setWindowRect: true, strictFileInteractability: false, timeouts: {implicit: 0, pageLoad: 300000, script: 30000}, unhandledPromptBehavior: dismiss and notify, webauthn:extension:credBlob: true, webauthn:extension:largeBlob: true, webauthn:virtualAuthenticators: true}
Session ID: cf13b4aeb06e70748595de8fe43867ae
	at java.base/jdk.internal.reflect.NativeConstructorAccessorImpl.newInstance0(Native Method)
	at java.base/jdk.internal.reflect.NativeConstructorAccessorImpl.newInstance(NativeConstructorAccessorImpl.java:62)
	at java.base/jdk.internal.reflect.DelegatingConstructorAccessorImpl.newInstance(DelegatingConstructorAccessorImpl.java:45)
	at java.base/java.lang.reflect.Constructor.newInstance(Constructor.java:490)
	at org.openqa.selenium.remote.http.W3CHttpResponseCodec.createException(W3CHttpResponseCodec.java:187)
	at org.openqa.selenium.remote.http.W3CHttpResponseCodec.decode(W3CHttpResponseCodec.java:122)
	at org.openqa.selenium.remote.http.W3CHttpResponseCodec.decode(W3CHttpResponseCodec.java:49)
	at org.openqa.selenium.remote.HttpCommandExecutor.execute(HttpCommandExecutor.java:158)
	at org.openqa.selenium.remote.service.DriverCommandExecutor.execute(DriverCommandExecutor.java:83)
	at org.openqa.selenium.remote.RemoteWebDriver.execute(RemoteWebDriver.java:552)
	at org.openqa.selenium.remote.RemoteWebDriver.get(RemoteWebDriver.java:277)
	at utilities.TestBase.openWebsite(TestBase.java:65)
	at stepDef.AccountCreationSteps.open_automation_practic_website_and_have_email_account_with_status(AccountCreationSteps.java:21)
	at âœ½.open automation practic website and have email account with status "new"(file:///D:/Ahmed%20Nagiub/AutomationPractice/src/test/java/features/accountCreation.feature:5)
&amp#27;[0m
  &amp#27;[36mWhen &amp#27;[0m&amp#27;[36mclick sign in&amp#27;[0m                                                                           &amp#27;[90m# stepDef.AccountCreationSteps.click_sign_in()&amp#27;[0m
  &amp#27;[36mAnd &amp#27;[0m&amp#27;[36mwrite email address with value "&amp#27;[0m&amp#27;[36m&amp#27;[1mtest2@moakt.cc&amp#27;[0m&amp#27;[36m"&amp#27;[0m                                          &amp#27;[90m# stepDef.AccountCreationSteps.write_email_address_with_value(java.lang.String)&amp#27;[0m
  &amp#27;[36mAnd &amp#27;[0m&amp#27;[36mpress create an account&amp#27;[0m                                                                  &amp#27;[90m# stepDef.ProductOrderSteps.press_create_an_account()&amp#27;[0m
  &amp#27;[36mThen &amp#27;[0m&amp#27;[36mvalidate on page "&amp#27;[0m&amp#27;[36m&amp#27;[1mYOUR PERSONAL INFORMATION&amp#27;[0m&amp#27;[36m" according to "&amp#27;[0m&amp#27;[36m&amp#27;[1mnew&amp#27;[0m&amp#27;[36m"&amp#27;[0m                         &amp#27;[90m# stepDef.AccountCreationSteps.validate_on_page(java.lang.String,java.lang.String)&amp#27;[0m
]]></system-out>
  </testcase>
  <testcase name="runScenario" classname="testRunner.AccountCreationRunner" time="0.022">
    <failure message="no such window: target window already closed&#10;from unknown error: web view not found&#10;  (Session info: chrome=92.0.4515.131)&#10;Build info: version: &apos;3.141.59&apos;, revision: &apos;e82be7d358&apos;, time: &apos;2018-11-14T08:17:03&apos;&#10;System info: host: &apos;ITTIQ13R&apos;, ip: &apos;192.168.137.1&apos;, os.name: &apos;Windows 10&apos;, os.arch: &apos;amd64&apos;, os.version: &apos;10.0&apos;, java.version: &apos;11.0.11&apos;&#10;Driver info: org.openqa.selenium.chrome.ChromeDriver&#10;Capabilities {acceptInsecureCerts: false, browserName: chrome, browserVersion: 92.0.4515.131, chrome: {chromedriverVersion: 92.0.4515.107 (87a818b10553..., userDataDir: C:\Users\V19ANA~1\AppData\L...}, goog:chromeOptions: {debuggerAddress: localhost:57167}, javascriptEnabled: true, networkConnectionEnabled: false, pageLoadStrategy: normal, platform: WINDOWS, platformName: WINDOWS, proxy: Proxy(), setWindowRect: true, strictFileInteractability: false, timeouts: {implicit: 0, pageLoad: 300000, script: 30000}, unhandledPromptBehavior: dismiss and notify, webauthn:extension:credBlob: true, webauthn:extension:largeBlob: true, webauthn:virtualAuthenticators: true}&#10;Session ID: cf13b4aeb06e70748595de8fe43867ae" type="org.openqa.selenium.NoSuchWindowException">org.openqa.selenium.NoSuchWindowException: 
no such window: target window already closed
from unknown error: web view not found
  (Session info: chrome=92.0.4515.131)
Build info: version: '3.141.59', revision: 'e82be7d358', time: '2018-11-14T08:17:03'
System info: host: 'ITTIQ13R', ip: '192.168.137.1', os.name: 'Windows 10', os.arch: 'amd64', os.version: '10.0', java.version: '11.0.11'
Driver info: org.openqa.selenium.chrome.ChromeDriver
Capabilities {acceptInsecureCerts: false, browserName: chrome, browserVersion: 92.0.4515.131, chrome: {chromedriverVersion: 92.0.4515.107 (87a818b10553..., userDataDir: C:\Users\V19ANA~1\AppData\L...}, goog:chromeOptions: {debuggerAddress: localhost:57167}, javascriptEnabled: true, networkConnectionEnabled: false, pageLoadStrategy: normal, platform: WINDOWS, platformName: WINDOWS, proxy: Proxy(), setWindowRect: true, strictFileInteractability: false, timeouts: {implicit: 0, pageLoad: 300000, script: 30000}, unhandledPromptBehavior: dismiss and notify, webauthn:extension:credBlob: true, webauthn:extension:largeBlob: true, webauthn:virtualAuthenticators: true}
Session ID: cf13b4aeb06e70748595de8fe43867ae
</failure>
    <system-out><![CDATA[
Scenario Outline: Validate that we should fill the mandatory field                                                                                     &amp#27;[90m# src/test/java/features/accountCreation.feature:29&amp#27;[0m
  &amp#27;[31mGiven &amp#27;[0m&amp#27;[31mopen automation practic website and have empty mandatory "&amp#27;[0m&amp#27;[31m&amp#27;[1memail&amp#27;[0m&amp#27;[31m"&amp#27;[0m                                                                               &amp#27;[90m# stepDef.AccountCreationSteps.open_automation_practic_website_and_have_empty_mandatory(java.lang.String)&amp#27;[0m
      &amp#27;[31morg.openqa.selenium.NoSuchWindowException: no such window: target window already closed
from unknown error: web view not found
  (Session info: chrome=92.0.4515.131)
Build info: version: '3.141.59', revision: 'e82be7d358', time: '2018-11-14T08:17:03'
System info: host: 'ITTIQ13R', ip: '192.168.137.1', os.name: 'Windows 10', os.arch: 'amd64', os.version: '10.0', java.version: '11.0.11'
Driver info: org.openqa.selenium.chrome.ChromeDriver
Capabilities {acceptInsecureCerts: false, browserName: chrome, browserVersion: 92.0.4515.131, chrome: {chromedriverVersion: 92.0.4515.107 (87a818b10553..., userDataDir: C:\Users\V19ANA~1\AppData\L...}, goog:chromeOptions: {debuggerAddress: localhost:57167}, javascriptEnabled: true, networkConnectionEnabled: false, pageLoadStrategy: normal, platform: WINDOWS, platformName: WINDOWS, proxy: Proxy(), setWindowRect: true, strictFileInteractability: false, timeouts: {implicit: 0, pageLoad: 300000, script: 30000}, unhandledPromptBehavior: dismiss and notify, webauthn:extension:credBlob: true, webauthn:extension:largeBlob: true, webauthn:virtualAuthenticators: true}
Session ID: cf13b4aeb06e70748595de8fe43867ae
	at java.base/jdk.internal.reflect.NativeConstructorAccessorImpl.newInstance0(Native Method)
	at java.base/jdk.internal.reflect.NativeConstructorAccessorImpl.newInstance(NativeConstructorAccessorImpl.java:62)
	at java.base/jdk.internal.reflect.DelegatingConstructorAccessorImpl.newInstance(DelegatingConstructorAccessorImpl.java:45)
	at java.base/java.lang.reflect.Constructor.newInstance(Constructor.java:490)
	at org.openqa.selenium.remote.http.W3CHttpResponseCodec.createException(W3CHttpResponseCodec.java:187)
	at org.openqa.selenium.remote.http.W3CHttpResponseCodec.decode(W3CHttpResponseCodec.java:122)
	at org.openqa.selenium.remote.http.W3CHttpResponseCodec.decode(W3CHttpResponseCodec.java:49)
	at org.openqa.selenium.remote.HttpCommandExecutor.execute(HttpCommandExecutor.java:158)
	at org.openqa.selenium.remote.service.DriverCommandExecutor.execute(DriverCommandExecutor.java:83)
	at org.openqa.selenium.remote.RemoteWebDriver.execute(RemoteWebDriver.java:552)
	at org.openqa.selenium.remote.RemoteWebDriver.get(RemoteWebDriver.java:277)
	at utilities.TestBase.openWebsite(TestBase.java:65)
	at stepDef.AccountCreationSteps.open_automation_practic_website_and_have_empty_mandatory(AccountCreationSteps.java:48)
	at âœ½.open automation practic website and have empty mandatory "email"(file:///D:/Ahmed%20Nagiub/AutomationPractice/src/test/java/features/accountCreation.feature:19)
&amp#27;[0m
  &amp#27;[36mWhen &amp#27;[0m&amp#27;[36mclick sign in&amp#27;[0m                                                                                                                                   &amp#27;[90m# stepDef.AccountCreationSteps.click_sign_in()&amp#27;[0m
  &amp#27;[36mAnd &amp#27;[0m&amp#27;[36mwrite email address with value "&amp#27;[0m&amp#27;[36m&amp#27;[1mtest2@moakt.cc&amp#27;[0m&amp#27;[36m"&amp#27;[0m                                                                                                  &amp#27;[90m# stepDef.AccountCreationSteps.write_email_address_with_value(java.lang.String)&amp#27;[0m
  &amp#27;[36mAnd &amp#27;[0m&amp#27;[36mpress create an account&amp#27;[0m                                                                                                                          &amp#27;[90m# stepDef.ProductOrderSteps.press_create_an_account()&amp#27;[0m
  &amp#27;[36mAnd &amp#27;[0m&amp#27;[36mwrite "&amp#27;[0m&amp#27;[36m&amp#27;[1mAutomation&amp#27;[0m&amp#27;[36m", "&amp#27;[0m&amp#27;[36m&amp#27;[1mTester&amp#27;[0m&amp#27;[36m", "&amp#27;[0m&amp#27;[36m&amp#27;[1mTest@123&amp#27;[0m&amp#27;[36m", "&amp#27;[0m&amp#27;[36m&amp#27;[1mTestingAddress&amp#27;[0m&amp#27;[36m", "&amp#27;[0m&amp#27;[36m&amp#27;[1mSan Diago&amp#27;[0m&amp#27;[36m", "&amp#27;[0m&amp#27;[36m&amp#27;[1mCalifornia&amp#27;[0m&amp#27;[36m", "&amp#27;[0m&amp#27;[36m&amp#27;[1m91911&amp#27;[0m&amp#27;[36m", "&amp#27;[0m&amp#27;[36m&amp#27;[1m01011111111&amp#27;[0m&amp#27;[36m" while one "&amp#27;[0m&amp#27;[36m&amp#27;[1memail&amp#27;[0m&amp#27;[36m" of them is empty&amp#27;[0m &amp#27;[90m# stepDef.AccountCreationSteps.write_while_one_of_them_is_empty(java.lang.String,java.lang.String,java.lang.String,java.lang.String,java.lang.String,java.lang.String,java.lang.String,java.lang.String,java.lang.String)&amp#27;[0m
  &amp#27;[36mAnd &amp#27;[0m&amp#27;[36mclick Register&amp#27;[0m                                                                                                                                   &amp#27;[90m# stepDef.ProductOrderSteps.click_register()&amp#27;[0m
  &amp#27;[36mThen &amp#27;[0m&amp#27;[36mvalidate on page "&amp#27;[0m&amp#27;[36m&amp#27;[1memail&amp#27;[0m&amp#27;[36m" according to the empty "&amp#27;[0m&amp#27;[36m&amp#27;[1memail&amp#27;[0m&amp#27;[36m"&amp#27;[0m                                                                                         &amp#27;[90m# stepDef.AccountCreationSteps.validate_on_page_according_to_the_empty(java.lang.String,java.lang.String)&amp#27;[0m
]]></system-out>
  </testcase>
  <testcase name="runScenario" classname="testRunner.AccountCreationRunner" time="0.026">
    <failure message="no such window: target window already closed&#10;from unknown error: web view not found&#10;  (Session info: chrome=92.0.4515.131)&#10;Build info: version: &apos;3.141.59&apos;, revision: &apos;e82be7d358&apos;, time: &apos;2018-11-14T08:17:03&apos;&#10;System info: host: &apos;ITTIQ13R&apos;, ip: &apos;192.168.137.1&apos;, os.name: &apos;Windows 10&apos;, os.arch: &apos;amd64&apos;, os.version: &apos;10.0&apos;, java.version: &apos;11.0.11&apos;&#10;Driver info: org.openqa.selenium.chrome.ChromeDriver&#10;Capabilities {acceptInsecureCerts: false, browserName: chrome, browserVersion: 92.0.4515.131, chrome: {chromedriverVersion: 92.0.4515.107 (87a818b10553..., userDataDir: C:\Users\V19ANA~1\AppData\L...}, goog:chromeOptions: {debuggerAddress: localhost:57167}, javascriptEnabled: true, networkConnectionEnabled: false, pageLoadStrategy: normal, platform: WINDOWS, platformName: WINDOWS, proxy: Proxy(), setWindowRect: true, strictFileInteractability: false, timeouts: {implicit: 0, pageLoad: 300000, script: 30000}, unhandledPromptBehavior: dismiss and notify, webauthn:extension:credBlob: true, webauthn:extension:largeBlob: true, webauthn:virtualAuthenticators: true}&#10;Session ID: cf13b4aeb06e70748595de8fe43867ae" type="org.openqa.selenium.NoSuchWindowException">org.openqa.selenium.NoSuchWindowException: 
no such window: target window already closed
from unknown error: web view not found
  (Session info: chrome=92.0.4515.131)
Build info: version: '3.141.59', revision: 'e82be7d358', time: '2018-11-14T08:17:03'
System info: host: 'ITTIQ13R', ip: '192.168.137.1', os.name: 'Windows 10', os.arch: 'amd64', os.version: '10.0', java.version: '11.0.11'
Driver info: org.openqa.selenium.chrome.ChromeDriver
Capabilities {acceptInsecureCerts: false, browserName: chrome, browserVersion: 92.0.4515.131, chrome: {chromedriverVersion: 92.0.4515.107 (87a818b10553..., userDataDir: C:\Users\V19ANA~1\AppData\L...}, goog:chromeOptions: {debuggerAddress: localhost:57167}, javascriptEnabled: true, networkConnectionEnabled: false, pageLoadStrategy: normal, platform: WINDOWS, platformName: WINDOWS, proxy: Proxy(), setWindowRect: true, strictFileInteractability: false, timeouts: {implicit: 0, pageLoad: 300000, script: 30000}, unhandledPromptBehavior: dismiss and notify, webauthn:extension:credBlob: true, webauthn:extension:largeBlob: true, webauthn:virtualAuthenticators: true}
Session ID: cf13b4aeb06e70748595de8fe43867ae
</failure>
    <system-out><![CDATA[
Scenario Outline: Validate that we should fill the mandatory field                                                                               &amp#27;[90m# src/test/java/features/accountCreation.feature:30&amp#27;[0m
  &amp#27;[31mGiven &amp#27;[0m&amp#27;[31mopen automation practic website and have empty mandatory "&amp#27;[0m&amp#27;[31m&amp#27;[1mfirstName&amp#27;[0m&amp#27;[31m"&amp#27;[0m                                                                     &amp#27;[90m# stepDef.AccountCreationSteps.open_automation_practic_website_and_have_empty_mandatory(java.lang.String)&amp#27;[0m
      &amp#27;[31morg.openqa.selenium.NoSuchWindowException: no such window: target window already closed
from unknown error: web view not found
  (Session info: chrome=92.0.4515.131)
Build info: version: '3.141.59', revision: 'e82be7d358', time: '2018-11-14T08:17:03'
System info: host: 'ITTIQ13R', ip: '192.168.137.1', os.name: 'Windows 10', os.arch: 'amd64', os.version: '10.0', java.version: '11.0.11'
Driver info: org.openqa.selenium.chrome.ChromeDriver
Capabilities {acceptInsecureCerts: false, browserName: chrome, browserVersion: 92.0.4515.131, chrome: {chromedriverVersion: 92.0.4515.107 (87a818b10553..., userDataDir: C:\Users\V19ANA~1\AppData\L...}, goog:chromeOptions: {debuggerAddress: localhost:57167}, javascriptEnabled: true, networkConnectionEnabled: false, pageLoadStrategy: normal, platform: WINDOWS, platformName: WINDOWS, proxy: Proxy(), setWindowRect: true, strictFileInteractability: false, timeouts: {implicit: 0, pageLoad: 300000, script: 30000}, unhandledPromptBehavior: dismiss and notify, webauthn:extension:credBlob: true, webauthn:extension:largeBlob: true, webauthn:virtualAuthenticators: true}
Session ID: cf13b4aeb06e70748595de8fe43867ae
	at java.base/jdk.internal.reflect.NativeConstructorAccessorImpl.newInstance0(Native Method)
	at java.base/jdk.internal.reflect.NativeConstructorAccessorImpl.newInstance(NativeConstructorAccessorImpl.java:62)
	at java.base/jdk.internal.reflect.DelegatingConstructorAccessorImpl.newInstance(DelegatingConstructorAccessorImpl.java:45)
	at java.base/java.lang.reflect.Constructor.newInstance(Constructor.java:490)
	at org.openqa.selenium.remote.http.W3CHttpResponseCodec.createException(W3CHttpResponseCodec.java:187)
	at org.openqa.selenium.remote.http.W3CHttpResponseCodec.decode(W3CHttpResponseCodec.java:122)
	at org.openqa.selenium.remote.http.W3CHttpResponseCodec.decode(W3CHttpResponseCodec.java:49)
	at org.openqa.selenium.remote.HttpCommandExecutor.execute(HttpCommandExecutor.java:158)
	at org.openqa.selenium.remote.service.DriverCommandExecutor.execute(DriverCommandExecutor.java:83)
	at org.openqa.selenium.remote.RemoteWebDriver.execute(RemoteWebDriver.java:552)
	at org.openqa.selenium.remote.RemoteWebDriver.get(RemoteWebDriver.java:277)
	at utilities.TestBase.openWebsite(TestBase.java:65)
	at stepDef.AccountCreationSteps.open_automation_practic_website_and_have_empty_mandatory(AccountCreationSteps.java:48)
	at âœ½.open automation practic website and have empty mandatory "firstName"(file:///D:/Ahmed%20Nagiub/AutomationPractice/src/test/java/features/accountCreation.feature:19)
&amp#27;[0m
  &amp#27;[36mWhen &amp#27;[0m&amp#27;[36mclick sign in&amp#27;[0m                                                                                                                             &amp#27;[90m# stepDef.AccountCreationSteps.click_sign_in()&amp#27;[0m
  &amp#27;[36mAnd &amp#27;[0m&amp#27;[36mwrite email address with value "&amp#27;[0m&amp#27;[36m&amp#27;[1mtest2@moakt.cc&amp#27;[0m&amp#27;[36m"&amp#27;[0m                                                                                            &amp#27;[90m# stepDef.AccountCreationSteps.write_email_address_with_value(java.lang.String)&amp#27;[0m
  &amp#27;[36mAnd &amp#27;[0m&amp#27;[36mpress create an account&amp#27;[0m                                                                                                                    &amp#27;[90m# stepDef.ProductOrderSteps.press_create_an_account()&amp#27;[0m
  &amp#27;[36mAnd &amp#27;[0m&amp#27;[36mwrite "&amp#27;[0m&amp#27;[36m&amp#27;[1m&amp#27;[0m&amp#27;[36m", "&amp#27;[0m&amp#27;[36m&amp#27;[1mTester&amp#27;[0m&amp#27;[36m", "&amp#27;[0m&amp#27;[36m&amp#27;[1mTest@123&amp#27;[0m&amp#27;[36m", "&amp#27;[0m&amp#27;[36m&amp#27;[1mTestingAddress&amp#27;[0m&amp#27;[36m", "&amp#27;[0m&amp#27;[36m&amp#27;[1mSan Diago&amp#27;[0m&amp#27;[36m", "&amp#27;[0m&amp#27;[36m&amp#27;[1mCalifornia&amp#27;[0m&amp#27;[36m", "&amp#27;[0m&amp#27;[36m&amp#27;[1m91911&amp#27;[0m&amp#27;[36m", "&amp#27;[0m&amp#27;[36m&amp#27;[1m01011111111&amp#27;[0m&amp#27;[36m" while one "&amp#27;[0m&amp#27;[36m&amp#27;[1mfirstName&amp#27;[0m&amp#27;[36m" of them is empty&amp#27;[0m &amp#27;[90m# stepDef.AccountCreationSteps.write_while_one_of_them_is_empty(java.lang.String,java.lang.String,java.lang.String,java.lang.String,java.lang.String,java.lang.String,java.lang.String,java.lang.String,java.lang.String)&amp#27;[0m
  &amp#27;[36mAnd &amp#27;[0m&amp#27;[36mclick Register&amp#27;[0m                                                                                                                             &amp#27;[90m# stepDef.ProductOrderSteps.click_register()&amp#27;[0m
  &amp#27;[36mThen &amp#27;[0m&amp#27;[36mvalidate on page "&amp#27;[0m&amp#27;[36m&amp#27;[1mfirstname&amp#27;[0m&amp#27;[36m" according to the empty "&amp#27;[0m&amp#27;[36m&amp#27;[1mfirstName&amp#27;[0m&amp#27;[36m"&amp#27;[0m                                                                           &amp#27;[90m# stepDef.AccountCreationSteps.validate_on_page_according_to_the_empty(java.lang.String,java.lang.String)&amp#27;[0m
]]></system-out>
  </testcase>
  <testcase name="runScenario" classname="testRunner.AccountCreationRunner" time="0.036">
    <failure message="no such window: target window already closed&#10;from unknown error: web view not found&#10;  (Session info: chrome=92.0.4515.131)&#10;Build info: version: &apos;3.141.59&apos;, revision: &apos;e82be7d358&apos;, time: &apos;2018-11-14T08:17:03&apos;&#10;System info: host: &apos;ITTIQ13R&apos;, ip: &apos;192.168.137.1&apos;, os.name: &apos;Windows 10&apos;, os.arch: &apos;amd64&apos;, os.version: &apos;10.0&apos;, java.version: &apos;11.0.11&apos;&#10;Driver info: org.openqa.selenium.chrome.ChromeDriver&#10;Capabilities {acceptInsecureCerts: false, browserName: chrome, browserVersion: 92.0.4515.131, chrome: {chromedriverVersion: 92.0.4515.107 (87a818b10553..., userDataDir: C:\Users\V19ANA~1\AppData\L...}, goog:chromeOptions: {debuggerAddress: localhost:57167}, javascriptEnabled: true, networkConnectionEnabled: false, pageLoadStrategy: normal, platform: WINDOWS, platformName: WINDOWS, proxy: Proxy(), setWindowRect: true, strictFileInteractability: false, timeouts: {implicit: 0, pageLoad: 300000, script: 30000}, unhandledPromptBehavior: dismiss and notify, webauthn:extension:credBlob: true, webauthn:extension:largeBlob: true, webauthn:virtualAuthenticators: true}&#10;Session ID: cf13b4aeb06e70748595de8fe43867ae" type="org.openqa.selenium.NoSuchWindowException">org.openqa.selenium.NoSuchWindowException: 
no such window: target window already closed
from unknown error: web view not found
  (Session info: chrome=92.0.4515.131)
Build info: version: '3.141.59', revision: 'e82be7d358', time: '2018-11-14T08:17:03'
System info: host: 'ITTIQ13R', ip: '192.168.137.1', os.name: 'Windows 10', os.arch: 'amd64', os.version: '10.0', java.version: '11.0.11'
Driver info: org.openqa.selenium.chrome.ChromeDriver
Capabilities {acceptInsecureCerts: false, browserName: chrome, browserVersion: 92.0.4515.131, chrome: {chromedriverVersion: 92.0.4515.107 (87a818b10553..., userDataDir: C:\Users\V19ANA~1\AppData\L...}, goog:chromeOptions: {debuggerAddress: localhost:57167}, javascriptEnabled: true, networkConnectionEnabled: false, pageLoadStrategy: normal, platform: WINDOWS, platformName: WINDOWS, proxy: Proxy(), setWindowRect: true, strictFileInteractability: false, timeouts: {implicit: 0, pageLoad: 300000, script: 30000}, unhandledPromptBehavior: dismiss and notify, webauthn:extension:credBlob: true, webauthn:extension:largeBlob: true, webauthn:virtualAuthenticators: true}
Session ID: cf13b4aeb06e70748595de8fe43867ae
</failure>
    <system-out><![CDATA[
Scenario Outline: Validate that we should fill the mandatory field                                                                                  &amp#27;[90m# src/test/java/features/accountCreation.feature:31&amp#27;[0m
  &amp#27;[31mGiven &amp#27;[0m&amp#27;[31mopen automation practic website and have empty mandatory "&amp#27;[0m&amp#27;[31m&amp#27;[1mlastName&amp#27;[0m&amp#27;[31m"&amp#27;[0m                                                                         &amp#27;[90m# stepDef.AccountCreationSteps.open_automation_practic_website_and_have_empty_mandatory(java.lang.String)&amp#27;[0m
      &amp#27;[31morg.openqa.selenium.NoSuchWindowException: no such window: target window already closed
from unknown error: web view not found
  (Session info: chrome=92.0.4515.131)
Build info: version: '3.141.59', revision: 'e82be7d358', time: '2018-11-14T08:17:03'
System info: host: 'ITTIQ13R', ip: '192.168.137.1', os.name: 'Windows 10', os.arch: 'amd64', os.version: '10.0', java.version: '11.0.11'
Driver info: org.openqa.selenium.chrome.ChromeDriver
Capabilities {acceptInsecureCerts: false, browserName: chrome, browserVersion: 92.0.4515.131, chrome: {chromedriverVersion: 92.0.4515.107 (87a818b10553..., userDataDir: C:\Users\V19ANA~1\AppData\L...}, goog:chromeOptions: {debuggerAddress: localhost:57167}, javascriptEnabled: true, networkConnectionEnabled: false, pageLoadStrategy: normal, platform: WINDOWS, platformName: WINDOWS, proxy: Proxy(), setWindowRect: true, strictFileInteractability: false, timeouts: {implicit: 0, pageLoad: 300000, script: 30000}, unhandledPromptBehavior: dismiss and notify, webauthn:extension:credBlob: true, webauthn:extension:largeBlob: true, webauthn:virtualAuthenticators: true}
Session ID: cf13b4aeb06e70748595de8fe43867ae
	at java.base/jdk.internal.reflect.NativeConstructorAccessorImpl.newInstance0(Native Method)
	at java.base/jdk.internal.reflect.NativeConstructorAccessorImpl.newInstance(NativeConstructorAccessorImpl.java:62)
	at java.base/jdk.internal.reflect.DelegatingConstructorAccessorImpl.newInstance(DelegatingConstructorAccessorImpl.java:45)
	at java.base/java.lang.reflect.Constructor.newInstance(Constructor.java:490)
	at org.openqa.selenium.remote.http.W3CHttpResponseCodec.createException(W3CHttpResponseCodec.java:187)
	at org.openqa.selenium.remote.http.W3CHttpResponseCodec.decode(W3CHttpResponseCodec.java:122)
	at org.openqa.selenium.remote.http.W3CHttpResponseCodec.decode(W3CHttpResponseCodec.java:49)
	at org.openqa.selenium.remote.HttpCommandExecutor.execute(HttpCommandExecutor.java:158)
	at org.openqa.selenium.remote.service.DriverCommandExecutor.execute(DriverCommandExecutor.java:83)
	at org.openqa.selenium.remote.RemoteWebDriver.execute(RemoteWebDriver.java:552)
	at org.openqa.selenium.remote.RemoteWebDriver.get(RemoteWebDriver.java:277)
	at utilities.TestBase.openWebsite(TestBase.java:65)
	at stepDef.AccountCreationSteps.open_automation_practic_website_and_have_empty_mandatory(AccountCreationSteps.java:48)
	at âœ½.open automation practic website and have empty mandatory "lastName"(file:///D:/Ahmed%20Nagiub/AutomationPractice/src/test/java/features/accountCreation.feature:19)
&amp#27;[0m
  &amp#27;[36mWhen &amp#27;[0m&amp#27;[36mclick sign in&amp#27;[0m                                                                                                                                &amp#27;[90m# stepDef.AccountCreationSteps.click_sign_in()&amp#27;[0m
  &amp#27;[36mAnd &amp#27;[0m&amp#27;[36mwrite email address with value "&amp#27;[0m&amp#27;[36m&amp#27;[1mtest2@moakt.cc&amp#27;[0m&amp#27;[36m"&amp#27;[0m                                                                                               &amp#27;[90m# stepDef.AccountCreationSteps.write_email_address_with_value(java.lang.String)&amp#27;[0m
  &amp#27;[36mAnd &amp#27;[0m&amp#27;[36mpress create an account&amp#27;[0m                                                                                                                       &amp#27;[90m# stepDef.ProductOrderSteps.press_create_an_account()&amp#27;[0m
  &amp#27;[36mAnd &amp#27;[0m&amp#27;[36mwrite "&amp#27;[0m&amp#27;[36m&amp#27;[1mAutomation&amp#27;[0m&amp#27;[36m", "&amp#27;[0m&amp#27;[36m&amp#27;[1m&amp#27;[0m&amp#27;[36m", "&amp#27;[0m&amp#27;[36m&amp#27;[1mTest@123&amp#27;[0m&amp#27;[36m", "&amp#27;[0m&amp#27;[36m&amp#27;[1mTestingAddress&amp#27;[0m&amp#27;[36m", "&amp#27;[0m&amp#27;[36m&amp#27;[1mSan Diago&amp#27;[0m&amp#27;[36m", "&amp#27;[0m&amp#27;[36m&amp#27;[1mCalifornia&amp#27;[0m&amp#27;[36m", "&amp#27;[0m&amp#27;[36m&amp#27;[1m91911&amp#27;[0m&amp#27;[36m", "&amp#27;[0m&amp#27;[36m&amp#27;[1m01011111111&amp#27;[0m&amp#27;[36m" while one "&amp#27;[0m&amp#27;[36m&amp#27;[1mlastName&amp#27;[0m&amp#27;[36m" of them is empty&amp#27;[0m &amp#27;[90m# stepDef.AccountCreationSteps.write_while_one_of_them_is_empty(java.lang.String,java.lang.String,java.lang.String,java.lang.String,java.lang.String,java.lang.String,java.lang.String,java.lang.String,java.lang.String)&amp#27;[0m
  &amp#27;[36mAnd &amp#27;[0m&amp#27;[36mclick Register&amp#27;[0m                                                                                                                                &amp#27;[90m# stepDef.ProductOrderSteps.click_register()&amp#27;[0m
  &amp#27;[36mThen &amp#27;[0m&amp#27;[36mvalidate on page "&amp#27;[0m&amp#27;[36m&amp#27;[1mlastname&amp#27;[0m&amp#27;[36m" according to the empty "&amp#27;[0m&amp#27;[36m&amp#27;[1mlastName&amp#27;[0m&amp#27;[36m"&amp#27;[0m                                                                                &amp#27;[90m# stepDef.AccountCreationSteps.validate_on_page_according_to_the_empty(java.lang.String,java.lang.String)&amp#27;[0m
]]></system-out>
  </testcase>
  <testcase name="runScenario" classname="testRunner.AccountCreationRunner" time="0.174">
    <failure message="no such window: target window already closed&#10;from unknown error: web view not found&#10;  (Session info: chrome=92.0.4515.131)&#10;Build info: version: &apos;3.141.59&apos;, revision: &apos;e82be7d358&apos;, time: &apos;2018-11-14T08:17:03&apos;&#10;System info: host: &apos;ITTIQ13R&apos;, ip: &apos;192.168.137.1&apos;, os.name: &apos;Windows 10&apos;, os.arch: &apos;amd64&apos;, os.version: &apos;10.0&apos;, java.version: &apos;11.0.11&apos;&#10;Driver info: org.openqa.selenium.chrome.ChromeDriver&#10;Capabilities {acceptInsecureCerts: false, browserName: chrome, browserVersion: 92.0.4515.131, chrome: {chromedriverVersion: 92.0.4515.107 (87a818b10553..., userDataDir: C:\Users\V19ANA~1\AppData\L...}, goog:chromeOptions: {debuggerAddress: localhost:57167}, javascriptEnabled: true, networkConnectionEnabled: false, pageLoadStrategy: normal, platform: WINDOWS, platformName: WINDOWS, proxy: Proxy(), setWindowRect: true, strictFileInteractability: false, timeouts: {implicit: 0, pageLoad: 300000, script: 30000}, unhandledPromptBehavior: dismiss and notify, webauthn:extension:credBlob: true, webauthn:extension:largeBlob: true, webauthn:virtualAuthenticators: true}&#10;Session ID: cf13b4aeb06e70748595de8fe43867ae" type="org.openqa.selenium.NoSuchWindowException">org.openqa.selenium.NoSuchWindowException: 
no such window: target window already closed
from unknown error: web view not found
  (Session info: chrome=92.0.4515.131)
Build info: version: '3.141.59', revision: 'e82be7d358', time: '2018-11-14T08:17:03'
System info: host: 'ITTIQ13R', ip: '192.168.137.1', os.name: 'Windows 10', os.arch: 'amd64', os.version: '10.0', java.version: '11.0.11'
Driver info: org.openqa.selenium.chrome.ChromeDriver
Capabilities {acceptInsecureCerts: false, browserName: chrome, browserVersion: 92.0.4515.131, chrome: {chromedriverVersion: 92.0.4515.107 (87a818b10553..., userDataDir: C:\Users\V19ANA~1\AppData\L...}, goog:chromeOptions: {debuggerAddress: localhost:57167}, javascriptEnabled: true, networkConnectionEnabled: false, pageLoadStrategy: normal, platform: WINDOWS, platformName: WINDOWS, proxy: Proxy(), setWindowRect: true, strictFileInteractability: false, timeouts: {implicit: 0, pageLoad: 300000, script: 30000}, unhandledPromptBehavior: dismiss and notify, webauthn:extension:credBlob: true, webauthn:extension:largeBlob: true, webauthn:virtualAuthenticators: true}
Session ID: cf13b4aeb06e70748595de8fe43867ae
</failure>
    <system-out><![CDATA[
Scenario Outline: Validate that we should fill the mandatory field                                                                                &amp#27;[90m# src/test/java/features/accountCreation.feature:32&amp#27;[0m
  &amp#27;[31mGiven &amp#27;[0m&amp#27;[31mopen automation practic website and have empty mandatory "&amp#27;[0m&amp#27;[31m&amp#27;[1mpassword&amp#27;[0m&amp#27;[31m"&amp#27;[0m                                                                       &amp#27;[90m# stepDef.AccountCreationSteps.open_automation_practic_website_and_have_empty_mandatory(java.lang.String)&amp#27;[0m
      &amp#27;[31morg.openqa.selenium.NoSuchWindowException: no such window: target window already closed
from unknown error: web view not found
  (Session info: chrome=92.0.4515.131)
Build info: version: '3.141.59', revision: 'e82be7d358', time: '2018-11-14T08:17:03'
System info: host: 'ITTIQ13R', ip: '192.168.137.1', os.name: 'Windows 10', os.arch: 'amd64', os.version: '10.0', java.version: '11.0.11'
Driver info: org.openqa.selenium.chrome.ChromeDriver
Capabilities {acceptInsecureCerts: false, browserName: chrome, browserVersion: 92.0.4515.131, chrome: {chromedriverVersion: 92.0.4515.107 (87a818b10553..., userDataDir: C:\Users\V19ANA~1\AppData\L...}, goog:chromeOptions: {debuggerAddress: localhost:57167}, javascriptEnabled: true, networkConnectionEnabled: false, pageLoadStrategy: normal, platform: WINDOWS, platformName: WINDOWS, proxy: Proxy(), setWindowRect: true, strictFileInteractability: false, timeouts: {implicit: 0, pageLoad: 300000, script: 30000}, unhandledPromptBehavior: dismiss and notify, webauthn:extension:credBlob: true, webauthn:extension:largeBlob: true, webauthn:virtualAuthenticators: true}
Session ID: cf13b4aeb06e70748595de8fe43867ae
	at java.base/jdk.internal.reflect.NativeConstructorAccessorImpl.newInstance0(Native Method)
	at java.base/jdk.internal.reflect.NativeConstructorAccessorImpl.newInstance(NativeConstructorAccessorImpl.java:62)
	at java.base/jdk.internal.reflect.DelegatingConstructorAccessorImpl.newInstance(DelegatingConstructorAccessorImpl.java:45)
	at java.base/java.lang.reflect.Constructor.newInstance(Constructor.java:490)
	at org.openqa.selenium.remote.http.W3CHttpResponseCodec.createException(W3CHttpResponseCodec.java:187)
	at org.openqa.selenium.remote.http.W3CHttpResponseCodec.decode(W3CHttpResponseCodec.java:122)
	at org.openqa.selenium.remote.http.W3CHttpResponseCodec.decode(W3CHttpResponseCodec.java:49)
	at org.openqa.selenium.remote.HttpCommandExecutor.execute(HttpCommandExecutor.java:158)
	at org.openqa.selenium.remote.service.DriverCommandExecutor.execute(DriverCommandExecutor.java:83)
	at org.openqa.selenium.remote.RemoteWebDriver.execute(RemoteWebDriver.java:552)
	at org.openqa.selenium.remote.RemoteWebDriver.get(RemoteWebDriver.java:277)
	at utilities.TestBase.openWebsite(TestBase.java:65)
	at stepDef.AccountCreationSteps.open_automation_practic_website_and_have_empty_mandatory(AccountCreationSteps.java:48)
	at âœ½.open automation practic website and have empty mandatory "password"(file:///D:/Ahmed%20Nagiub/AutomationPractice/src/test/java/features/accountCreation.feature:19)
&amp#27;[0m
  &amp#27;[36mWhen &amp#27;[0m&amp#27;[36mclick sign in&amp#27;[0m                                                                                                                              &amp#27;[90m# stepDef.AccountCreationSteps.click_sign_in()&amp#27;[0m
  &amp#27;[36mAnd &amp#27;[0m&amp#27;[36mwrite email address with value "&amp#27;[0m&amp#27;[36m&amp#27;[1mtest2@moakt.cc&amp#27;[0m&amp#27;[36m"&amp#27;[0m                                                                                             &amp#27;[90m# stepDef.AccountCreationSteps.write_email_address_with_value(java.lang.String)&amp#27;[0m
  &amp#27;[36mAnd &amp#27;[0m&amp#27;[36mpress create an account&amp#27;[0m                                                                                                                     &amp#27;[90m# stepDef.ProductOrderSteps.press_create_an_account()&amp#27;[0m
  &amp#27;[36mAnd &amp#27;[0m&amp#27;[36mwrite "&amp#27;[0m&amp#27;[36m&amp#27;[1mAutomation&amp#27;[0m&amp#27;[36m", "&amp#27;[0m&amp#27;[36m&amp#27;[1mTester&amp#27;[0m&amp#27;[36m", "&amp#27;[0m&amp#27;[36m&amp#27;[1m&amp#27;[0m&amp#27;[36m", "&amp#27;[0m&amp#27;[36m&amp#27;[1mTestingAddress&amp#27;[0m&amp#27;[36m", "&amp#27;[0m&amp#27;[36m&amp#27;[1mSan Diago&amp#27;[0m&amp#27;[36m", "&amp#27;[0m&amp#27;[36m&amp#27;[1mCalifornia&amp#27;[0m&amp#27;[36m", "&amp#27;[0m&amp#27;[36m&amp#27;[1m91911&amp#27;[0m&amp#27;[36m", "&amp#27;[0m&amp#27;[36m&amp#27;[1m01011111111&amp#27;[0m&amp#27;[36m" while one "&amp#27;[0m&amp#27;[36m&amp#27;[1mpassword&amp#27;[0m&amp#27;[36m" of them is empty&amp#27;[0m &amp#27;[90m# stepDef.AccountCreationSteps.write_while_one_of_them_is_empty(java.lang.String,java.lang.String,java.lang.String,java.lang.String,java.lang.String,java.lang.String,java.lang.String,java.lang.String,java.lang.String)&amp#27;[0m
  &amp#27;[36mAnd &amp#27;[0m&amp#27;[36mclick Register&amp#27;[0m                                                                                                                              &amp#27;[90m# stepDef.ProductOrderSteps.click_register()&amp#27;[0m
  &amp#27;[36mThen &amp#27;[0m&amp#27;[36mvalidate on page "&amp#27;[0m&amp#27;[36m&amp#27;[1mpasswd&amp#27;[0m&amp#27;[36m" according to the empty "&amp#27;[0m&amp#27;[36m&amp#27;[1mpassword&amp#27;[0m&amp#27;[36m"&amp#27;[0m                                                                                &amp#27;[90m# stepDef.AccountCreationSteps.validate_on_page_according_to_the_empty(java.lang.String,java.lang.String)&amp#27;[0m
]]></system-out>
  </testcase>
  <testcase name="runScenario" classname="testRunner.AccountCreationRunner" time="0.116">
    <failure message="no such window: target window already closed&#10;from unknown error: web view not found&#10;  (Session info: chrome=92.0.4515.131)&#10;Build info: version: &apos;3.141.59&apos;, revision: &apos;e82be7d358&apos;, time: &apos;2018-11-14T08:17:03&apos;&#10;System info: host: &apos;ITTIQ13R&apos;, ip: &apos;192.168.137.1&apos;, os.name: &apos;Windows 10&apos;, os.arch: &apos;amd64&apos;, os.version: &apos;10.0&apos;, java.version: &apos;11.0.11&apos;&#10;Driver info: org.openqa.selenium.chrome.ChromeDriver&#10;Capabilities {acceptInsecureCerts: false, browserName: chrome, browserVersion: 92.0.4515.131, chrome: {chromedriverVersion: 92.0.4515.107 (87a818b10553..., userDataDir: C:\Users\V19ANA~1\AppData\L...}, goog:chromeOptions: {debuggerAddress: localhost:57167}, javascriptEnabled: true, networkConnectionEnabled: false, pageLoadStrategy: normal, platform: WINDOWS, platformName: WINDOWS, proxy: Proxy(), setWindowRect: true, strictFileInteractability: false, timeouts: {implicit: 0, pageLoad: 300000, script: 30000}, unhandledPromptBehavior: dismiss and notify, webauthn:extension:credBlob: true, webauthn:extension:largeBlob: true, webauthn:virtualAuthenticators: true}&#10;Session ID: cf13b4aeb06e70748595de8fe43867ae" type="org.openqa.selenium.NoSuchWindowException">org.openqa.selenium.NoSuchWindowException: 
no such window: target window already closed
from unknown error: web view not found
  (Session info: chrome=92.0.4515.131)
Build info: version: '3.141.59', revision: 'e82be7d358', time: '2018-11-14T08:17:03'
System info: host: 'ITTIQ13R', ip: '192.168.137.1', os.name: 'Windows 10', os.arch: 'amd64', os.version: '10.0', java.version: '11.0.11'
Driver info: org.openqa.selenium.chrome.ChromeDriver
Capabilities {acceptInsecureCerts: false, browserName: chrome, browserVersion: 92.0.4515.131, chrome: {chromedriverVersion: 92.0.4515.107 (87a818b10553..., userDataDir: C:\Users\V19ANA~1\AppData\L...}, goog:chromeOptions: {debuggerAddress: localhost:57167}, javascriptEnabled: true, networkConnectionEnabled: false, pageLoadStrategy: normal, platform: WINDOWS, platformName: WINDOWS, proxy: Proxy(), setWindowRect: true, strictFileInteractability: false, timeouts: {implicit: 0, pageLoad: 300000, script: 30000}, unhandledPromptBehavior: dismiss and notify, webauthn:extension:credBlob: true, webauthn:extension:largeBlob: true, webauthn:virtualAuthenticators: true}
Session ID: cf13b4aeb06e70748595de8fe43867ae
</failure>
    <system-out><![CDATA[
Scenario Outline: Validate that we should fill the mandatory field                                                                         &amp#27;[90m# src/test/java/features/accountCreation.feature:33&amp#27;[0m
  &amp#27;[31mGiven &amp#27;[0m&amp#27;[31mopen automation practic website and have empty mandatory "&amp#27;[0m&amp#27;[31m&amp#27;[1maddress&amp#27;[0m&amp#27;[31m"&amp#27;[0m                                                                 &amp#27;[90m# stepDef.AccountCreationSteps.open_automation_practic_website_and_have_empty_mandatory(java.lang.String)&amp#27;[0m
      &amp#27;[31morg.openqa.selenium.NoSuchWindowException: no such window: target window already closed
from unknown error: web view not found
  (Session info: chrome=92.0.4515.131)
Build info: version: '3.141.59', revision: 'e82be7d358', time: '2018-11-14T08:17:03'
System info: host: 'ITTIQ13R', ip: '192.168.137.1', os.name: 'Windows 10', os.arch: 'amd64', os.version: '10.0', java.version: '11.0.11'
Driver info: org.openqa.selenium.chrome.ChromeDriver
Capabilities {acceptInsecureCerts: false, browserName: chrome, browserVersion: 92.0.4515.131, chrome: {chromedriverVersion: 92.0.4515.107 (87a818b10553..., userDataDir: C:\Users\V19ANA~1\AppData\L...}, goog:chromeOptions: {debuggerAddress: localhost:57167}, javascriptEnabled: true, networkConnectionEnabled: false, pageLoadStrategy: normal, platform: WINDOWS, platformName: WINDOWS, proxy: Proxy(), setWindowRect: true, strictFileInteractability: false, timeouts: {implicit: 0, pageLoad: 300000, script: 30000}, unhandledPromptBehavior: dismiss and notify, webauthn:extension:credBlob: true, webauthn:extension:largeBlob: true, webauthn:virtualAuthenticators: true}
Session ID: cf13b4aeb06e70748595de8fe43867ae
	at java.base/jdk.internal.reflect.NativeConstructorAccessorImpl.newInstance0(Native Method)
	at java.base/jdk.internal.reflect.NativeConstructorAccessorImpl.newInstance(NativeConstructorAccessorImpl.java:62)
[...]
  &amp#27;[36mAnd &amp#27;[0m&amp#27;[36mwrite email address with value "&amp#27;[0m&amp#27;[36m&amp#27;[1mtest2@moakt.cc&amp#27;[0m&amp#27;[36m"&amp#27;[0m                                                                                                           &amp#27;[90m# stepDef.AccountCreationSteps.write_email_address_with_value(java.lang.String)&amp#27;[0m
  &amp#27;[36mAnd &amp#27;[0m&amp#27;[36mpress create an account&amp#27;[0m                                                                                                                                   &amp#27;[90m# stepDef.ProductOrderSteps.press_create_an_account()&amp#27;[0m
  &amp#27;[36mAnd &amp#27;[0m&amp#27;[36mwrite "&amp#27;[0m&amp#27;[36m&amp#27;[1mAutomation&amp#27;[0m&amp#27;[36m", "&amp#27;[0m&amp#27;[36m&amp#27;[1mTester&amp#27;[0m&amp#27;[36m", "&amp#27;[0m&amp#27;[36m&amp#27;[1mTest&amp#27;[0m&amp#27;[36m", "&amp#27;[0m&amp#27;[36m&amp#27;[1mTestingAddress&amp#27;[0m&amp#27;[36m", "&amp#27;[0m&amp#27;[36m&amp#27;[1mSan Diago&amp#27;[0m&amp#27;[36m", "&amp#27;[0m&amp#27;[36m&amp#27;[1mCalifornia&amp#27;[0m&amp#27;[36m", "&amp#27;[0m&amp#27;[36m&amp#27;[1m91911&amp#27;[0m&amp#27;[36m", "&amp#27;[0m&amp#27;[36m&amp#27;[1m01011111111&amp#27;[0m&amp#27;[36m", "&amp#27;[0m&amp#27;[36m&amp#27;[1m1&amp#27;[0m&amp#27;[36m", "&amp#27;[0m&amp#27;[36m&amp#27;[1mJabuary&amp#27;[0m&amp#27;[36m", "&amp#27;[0m&amp#27;[36m&amp#27;[1m2020&amp#27;[0m&amp#27;[36m" with invalid "&amp#27;[0m&amp#27;[36m&amp#27;[1mpassword&amp#27;[0m&amp#27;[36m"&amp#27;[0m &amp#27;[90m# stepDef.AccountCreationSteps.write_invalid(java.lang.String,java.lang.String,java.lang.String,java.lang.String,java.lang.String,java.lang.String,java.lang.String,java.lang.String,java.lang.String,java.lang.String,java.lang.String,java.lang.String)&amp#27;[0m
  &amp#27;[36mAnd &amp#27;[0m&amp#27;[36mclick Register&amp#27;[0m                                                                                                                                            &amp#27;[90m# stepDef.ProductOrderSteps.click_register()&amp#27;[0m
  &amp#27;[36mThen &amp#27;[0m&amp#27;[36mvalidate on page "&amp#27;[0m&amp#27;[36m&amp#27;[1mpasswd&amp#27;[0m&amp#27;[36m" according to the invalid "&amp#27;[0m&amp#27;[36m&amp#27;[1mpassword&amp#27;[0m&amp#27;[36m"&amp#27;[0m                                                                                            &amp#27;[90m# stepDef.AccountCreationSteps.validate_on_page_according_to_the_invalid(java.lang.String,java.lang.String)&amp#27;[0m
]]></system-out>
  </testcase>
  <testcase name="runScenario" classname="testRunner.AccountCreationRunner" time="0.244">
    <failure message="no such window: target window already closed&#10;from unknown error: web view not found&#10;  (Session info: chrome=92.0.4515.131)&#10;Build info: version: &apos;3.141.59&apos;, revision: &apos;e82be7d358&apos;, time: &apos;2018-11-14T08:17:03&apos;&#10;System info: host: &apos;ITTIQ13R&apos;, ip: &apos;192.168.137.1&apos;, os.name: &apos;Windows 10&apos;, os.arch: &apos;amd64&apos;, os.version: &apos;10.0&apos;, java.version: &apos;11.0.11&apos;&#10;Driver info: org.openqa.selenium.chrome.ChromeDriver&#10;Capabilities {acceptInsecureCerts: false, browserName: chrome, browserVersion: 92.0.4515.131, chrome: {chromedriverVersion: 92.0.4515.107 (87a818b10553..., userDataDir: C:\Users\V19ANA~1\AppData\L...}, goog:chromeOptions: {debuggerAddress: localhost:57167}, javascriptEnabled: true, networkConnectionEnabled: false, pageLoadStrategy: normal, platform: WINDOWS, platformName: WINDOWS, proxy: Proxy(), setWindowRect: true, strictFileInteractability: false, timeouts: {implicit: 0, pageLoad: 300000, script: 30000}, unhandledPromptBehavior: dismiss and notify, webauthn:extension:credBlob: true, webauthn:extension:largeBlob: true, webauthn:virtualAuthenticators: true}&#10;Session ID: cf13b4aeb06e70748595de8fe43867ae" type="org.openqa.selenium.NoSuchWindowException">org.openqa.selenium.NoSuchWindowException: 
no such window: target window already closed
from unknown error: web view not found
  (Session info: chrome=92.0.4515.131)
Build info: version: '3.141.59', revision: 'e82be7d358', time: '2018-11-14T08:17:03'
System info: host: 'ITTIQ13R', ip: '192.168.137.1', os.name: 'Windows 10', os.arch: 'amd64', os.version: '10.0', java.version: '11.0.11'
Driver info: org.openqa.selenium.chrome.ChromeDriver
Capabilities {acceptInsecureCerts: false, browserName: chrome, browserVersion: 92.0.4515.131, chrome: {chromedriverVersion: 92.0.4515.107 (87a818b10553..., userDataDir: C:\Users\V19ANA~1\AppData\L...}, goog:chromeOptions: {debuggerAddress: localhost:57167}, javascriptEnabled: true, networkConnectionEnabled: false, pageLoadStrategy: normal, platform: WINDOWS, platformName: WINDOWS, proxy: Proxy(), setWindowRect: true, strictFileInteractability: false, timeouts: {implicit: 0, pageLoad: 300000, script: 30000}, unhandledPromptBehavior: dismiss and notify, webauthn:extension:credBlob: true, webauthn:extension:largeBlob: true, webauthn:virtualAuthenticators: true}
Session ID: cf13b4aeb06e70748595de8fe43867ae
</failure>
    <system-out><![CDATA[
Scenario Outline: Validate that we can not register using invalid field                                                                                                 &amp#27;[90m# src/test/java/features/accountCreation.feature:52&amp#27;[0m
  &amp#27;[31mGiven &amp#27;[0m&amp#27;[31mopen automation practic website and we have invalid "&amp#27;[0m&amp#27;[31m&amp#27;[1mbirthDate(incomplete)&amp#27;[0m&amp#27;[31m"&amp#27;[0m                                                                                     &amp#27;[90m# stepDef.AccountCreationSteps.open_automation_practic_website(java.lang.String)&amp#27;[0m
      &amp#27;[31morg.openqa.selenium.NoSuchWindowException: no such window: target window already closed
from unknown error: web view not found
  (Session info: chrome=92.0.4515.131)
Build info: version: '3.141.59', revision: 'e82be7d358', time: '2018-11-14T08:17:03'
System info: host: 'ITTIQ13R', ip: '192.168.137.1', os.name: 'Windows 10', os.arch: 'amd64', os.version: '10.0', java.version: '11.0.11'
Driver info: org.openqa.selenium.chrome.ChromeDriver
Capabilities {acceptInsecureCerts: false, browserName: chrome, browserVersion: 92.0.4515.131, chrome: {chromedriverVersion: 92.0.4515.107 (87a818b10553..., userDataDir: C:\Users\V19ANA~1\AppData\L...}, goog:chromeOptions: {debuggerAddress: localhost:57167}, javascriptEnabled: true, networkConnectionEnabled: false, pageLoadStrategy: normal, platform: WINDOWS, platformName: WINDOWS, proxy: Proxy(), setWindowRect: true, strictFileInteractability: false, timeouts: {implicit: 0, pageLoad: 300000, script: 30000}, unhandledPromptBehavior: dismiss and notify, webauthn:extension:credBlob: true, webauthn:extension:largeBlob: true, webauthn:virtualAuthenticators: true}
Session ID: cf13b4aeb06e70748595de8fe43867ae
	at jdk.internal.reflect.GeneratedConstructorAccessor12.newInstance(Unknown Source)
	at java.base/jdk.internal.reflect.DelegatingConstructorAccessorImpl.newInstance(DelegatingConstructorAccessorImpl.java:45)
	at java.base/java.lang.reflect.Constructor.newInstance(Constructor.java:490)
	at org.openqa.selenium.remote.http.W3CHttpResponseCodec.createException(W3CHttpResponseCodec.java:187)
	at org.openqa.selenium.remote.http.W3CHttpResponseCodec.decode(W3CHttpResponseCodec.java:122)
	at org.openqa.selenium.remote.http.W3CHttpResponseCodec.decode(W3CHttpResponseCodec.java:49)
	at org.openqa.selenium.remote.HttpCommandExecutor.execute(HttpCommandExecutor.java:158)
	at org.openqa.selenium.remote.service.DriverCommandExecutor.execute(DriverCommandExecutor.java:83)
	at org.openqa.selenium.remote.RemoteWebDriver.execute(RemoteWebDriver.java:552)
	at org.openqa.selenium.remote.RemoteWebDriver.get(RemoteWebDriver.java:277)
	at utilities.TestBase.openWebsite(TestBase.java:65)
	at stepDef.AccountCreationSteps.open_automation_practic_website(AccountCreationSteps.java:94)
	at âœ½.open automation practic website and we have invalid "birthDate(incomplete)"(file:///D:/Ahmed%20Nagiub/AutomationPractice/src/test/java/features/accountCreation.feature:41)
&amp#27;[0m
  &amp#27;[36mWhen &amp#27;[0m&amp#27;[36mclick sign in&amp#27;[0m                                                                                                                                                    &amp#27;[90m# stepDef.AccountCreationSteps.click_sign_in()&amp#27;[0m
  &amp#27;[36mAnd &amp#27;[0m&amp#27;[36mwrite email address with value "&amp#27;[0m&amp#27;[36m&amp#27;[1mtest2@moakt.cc&amp#27;[0m&amp#27;[36m"&amp#27;[0m                                                                                                                   &amp#27;[90m# stepDef.AccountCreationSteps.write_email_address_with_value(java.lang.String)&amp#27;[0m
  &amp#27;[36mAnd &amp#27;[0m&amp#27;[36mpress create an account&amp#27;[0m                                                                                                                                           &amp#27;[90m# stepDef.ProductOrderSteps.press_create_an_account()&amp#27;[0m
  &amp#27;[36mAnd &amp#27;[0m&amp#27;[36mwrite "&amp#27;[0m&amp#27;[36m&amp#27;[1mAutomation&amp#27;[0m&amp#27;[36m", "&amp#27;[0m&amp#27;[36m&amp#27;[1mTester&amp#27;[0m&amp#27;[36m", "&amp#27;[0m&amp#27;[36m&amp#27;[1mTest@1234&amp#27;[0m&amp#27;[36m", "&amp#27;[0m&amp#27;[36m&amp#27;[1mTestingAddress&amp#27;[0m&amp#27;[36m", "&amp#27;[0m&amp#27;[36m&amp#27;[1mSan Diago&amp#27;[0m&amp#27;[36m", "&amp#27;[0m&amp#27;[36m&amp#27;[1mCalifornia&amp#27;[0m&amp#27;[36m", "&amp#27;[0m&amp#27;[36m&amp#27;[1m91911&amp#27;[0m&amp#27;[36m", "&amp#27;[0m&amp#27;[36m&amp#27;[1m01011111111&amp#27;[0m&amp#27;[36m", "&amp#27;[0m&amp#27;[36m&amp#27;[1m31&amp#27;[0m&amp#27;[36m", "&amp#27;[0m&amp#27;[36m&amp#27;[1m&amp#27;[0m&amp#27;[36m", "&amp#27;[0m&amp#27;[36m&amp#27;[1m&amp#27;[0m&amp#27;[36m" with invalid "&amp#27;[0m&amp#27;[36m&amp#27;[1mbirthDate(incomplete)&amp#27;[0m&amp#27;[36m"&amp#27;[0m &amp#27;[90m# stepDef.AccountCreationSteps.write_invalid(java.lang.String,java.lang.String,java.lang.String,java.lang.String,java.lang.String,java.lang.String,java.lang.String,java.lang.String,java.lang.String,java.lang.String,java.lang.String,java.lang.String)&amp#27;[0m
  &amp#27;[36mAnd &amp#27;[0m&amp#27;[36mclick Register&amp#27;[0m                                                                                                                                                    &amp#27;[90m# stepDef.ProductOrderSteps.click_register()&amp#27;[0m
  &amp#27;[36mThen &amp#27;[0m&amp#27;[36mvalidate on page "&amp#27;[0m&amp#27;[36m&amp#27;[1mInvalid date of birth&amp#27;[0m&amp#27;[36m" according to the invalid "&amp#27;[0m&amp#27;[36m&amp#27;[1mbirthDate(incomplete)&amp#27;[0m&amp#27;[36m"&amp#27;[0m                                                                        &amp#27;[90m# stepDef.AccountCreationSteps.validate_on_page_according_to_the_invalid(java.lang.String,java.lang.String)&amp#27;[0m
]]></system-out>
  </testcase>
  <testcase name="runScenario" classname="testRunner.AccountCreationRunner" time="0.182">
    <failure message="no such window: target window already closed&#10;from unknown error: web view not found&#10;  (Session info: chrome=92.0.4515.131)&#10;Build info: version: &apos;3.141.59&apos;, revision: &apos;e82be7d358&apos;, time: &apos;2018-11-14T08:17:03&apos;&#10;System info: host: &apos;ITTIQ13R&apos;, ip: &apos;192.168.137.1&apos;, os.name: &apos;Windows 10&apos;, os.arch: &apos;amd64&apos;, os.version: &apos;10.0&apos;, java.version: &apos;11.0.11&apos;&#10;Driver info: org.openqa.selenium.chrome.ChromeDriver&#10;Capabilities {acceptInsecureCerts: false, browserName: chrome, browserVersion: 92.0.4515.131, chrome: {chromedriverVersion: 92.0.4515.107 (87a818b10553..., userDataDir: C:\Users\V19ANA~1\AppData\L...}, goog:chromeOptions: {debuggerAddress: localhost:57167}, javascriptEnabled: true, networkConnectionEnabled: false, pageLoadStrategy: normal, platform: WINDOWS, platformName: WINDOWS, proxy: Proxy(), setWindowRect: true, strictFileInteractability: false, timeouts: {implicit: 0, pageLoad: 300000, script: 30000}, unhandledPromptBehavior: dismiss and notify, webauthn:extension:credBlob: true, webauthn:extension:largeBlob: true, webauthn:virtualAuthenticators: true}&#10;Session ID: cf13b4aeb06e70748595de8fe43867ae" type="org.openqa.selenium.NoSuchWindowException">org.openqa.selenium.NoSuchWindowException: 
no such window: target window already closed
from unknown error: web view not found
  (Session info: chrome=92.0.4515.131)
Build info: version: '3.141.59', revision: 'e82be7d358', time: '2018-11-14T08:17:03'
System info: host: 'ITTIQ13R', ip: '192.168.137.1', os.name: 'Windows 10', os.arch: 'amd64', os.version: '10.0', java.version: '11.0.11'
Driver info: org.openqa.selenium.chrome.ChromeDriver
Capabilities {acceptInsecureCerts: false, browserName: chrome, browserVersion: 92.0.4515.131, chrome: {chromedriverVersion: 92.0.4515.107 (87a818b10553..., userDataDir: C:\Users\V19ANA~1\AppData\L...}, goog:chromeOptions: {debuggerAddress: localhost:57167}, javascriptEnabled: true, networkConnectionEnabled: false, pageLoadStrategy: normal, platform: WINDOWS, platformName: WINDOWS, proxy: Proxy(), setWindowRect: true, strictFileInteractability: false, timeouts: {implicit: 0, pageLoad: 300000, script: 30000}, unhandledPromptBehavior: dismiss and notify, webauthn:extension:credBlob: true, webauthn:extension:largeBlob: true, webauthn:virtualAuthenticators: true}
Session ID: cf13b4aeb06e70748595de8fe43867ae
</failure>
    <system-out><![CDATA[
Scenario Outline: Validate that we can not register using invalid field                                                                                                             &amp#27;[90m# src/test/java/features/accountCreation.feature:53&amp#27;[0m
  &amp#27;[31mGiven &amp#27;[0m&amp#27;[31mopen automation practic website and we have invalid "&amp#27;[0m&amp#27;[31m&amp#27;[1mbirthDate(futureDate)&amp#27;[0m&amp#27;[31m"&amp#27;[0m                                                                                                 &amp#27;[90m# stepDef.AccountCreationSteps.open_automation_practic_website(java.lang.String)&amp#27;[0m
      &amp#27;[31morg.openqa.selenium.NoSuchWindowException: no such window: target window already closed
from unknown error: web view not found
  (Session info: chrome=92.0.4515.131)
Build info: version: '3.141.59', revision: 'e82be7d358', time: '2018-11-14T08:17:03'
System info: host: 'ITTIQ13R', ip: '192.168.137.1', os.name: 'Windows 10', os.arch: 'amd64', os.version: '10.0', java.version: '11.0.11'
Driver info: org.openqa.selenium.chrome.ChromeDriver
Capabilities {acceptInsecureCerts: false, browserName: chrome, browserVersion: 92.0.4515.131, chrome: {chromedriverVersion: 92.0.4515.107 (87a818b10553..., userDataDir: C:\Users\V19ANA~1\AppData\L...}, goog:chromeOptions: {debuggerAddress: localhost:57167}, javascriptEnabled: true, networkConnectionEnabled: false, pageLoadStrategy: normal, platform: WINDOWS, platformName: WINDOWS, proxy: Proxy(), setWindowRect: true, strictFileInteractability: false, timeouts: {implicit: 0, pageLoad: 300000, script: 30000}, unhandledPromptBehavior: dismiss and notify, webauthn:extension:credBlob: true, webauthn:extension:largeBlob: true, webauthn:virtualAuthenticators: true}
Session ID: cf13b4aeb06e70748595de8fe43867ae
	at jdk.internal.reflect.GeneratedConstructorAccessor12.newInstance(Unknown Source)
	at java.base/jdk.internal.reflect.DelegatingConstructorAccessorImpl.newInstance(DelegatingConstructorAccessorImpl.java:45)
	at java.base/java.lang.reflect.Constructor.newInstance(Constructor.java:490)
	at org.openqa.selenium.remote.http.W3CHttpResponseCodec.createException(W3CHttpResponseCodec.java:187)
	at org.openqa.selenium.remote.http.W3CHttpResponseCodec.decode(W3CHttpResponseCodec.java:122)
	at org.openqa.selenium.remote.http.W3CHttpResponseCodec.decode(W3CHttpResponseCodec.java:49)
	at org.openqa.selenium.remote.HttpCommandExecutor.execute(HttpCommandExecutor.java:158)
	at org.openqa.selenium.remote.service.DriverCommandExecutor.execute(DriverCommandExecutor.java:83)
	at org.openqa.selenium.remote.RemoteWebDriver.execute(RemoteWebDriver.java:552)
	at org.openqa.selenium.remote.RemoteWebDriver.get(RemoteWebDriver.java:277)
	at utilities.TestBase.openWebsite(TestBase.java:65)
	at stepDef.AccountCreationSteps.open_automation_practic_website(AccountCreationSteps.java:94)
	at âœ½.open automation practic website and we have invalid "birthDate(futureDate)"(file:///D:/Ahmed%20Nagiub/AutomationPractice/src/test/java/features/accountCreation.feature:41)
&amp#27;[0m
  &amp#27;[36mWhen &amp#27;[0m&amp#27;[36mclick sign in&amp#27;[0m                                                                                                                                                                &amp#27;[90m# stepDef.AccountCreationSteps.click_sign_in()&amp#27;[0m
  &amp#27;[36mAnd &amp#27;[0m&amp#27;[36mwrite email address with value "&amp#27;[0m&amp#27;[36m&amp#27;[1mtest2@moakt.cc&amp#27;[0m&amp#27;[36m"&amp#27;[0m                                                                                                                               &amp#27;[90m# stepDef.AccountCreationSteps.write_email_address_with_value(java.lang.String)&amp#27;[0m
  &amp#27;[36mAnd &amp#27;[0m&amp#27;[36mpress create an account&amp#27;[0m                                                                                                                                                       &amp#27;[90m# stepDef.ProductOrderSteps.press_create_an_account()&amp#27;[0m
  &amp#27;[36mAnd &amp#27;[0m&amp#27;[36mwrite "&amp#27;[0m&amp#27;[36m&amp#27;[1mAutomation&amp#27;[0m&amp#27;[36m", "&amp#27;[0m&amp#27;[36m&amp#27;[1mTester&amp#27;[0m&amp#27;[36m", "&amp#27;[0m&amp#27;[36m&amp#27;[1mTest@1234&amp#27;[0m&amp#27;[36m", "&amp#27;[0m&amp#27;[36m&amp#27;[1mTestingAddress&amp#27;[0m&amp#27;[36m", "&amp#27;[0m&amp#27;[36m&amp#27;[1mSan Diago&amp#27;[0m&amp#27;[36m", "&amp#27;[0m&amp#27;[36m&amp#27;[1mCalifornia&amp#27;[0m&amp#27;[36m", "&amp#27;[0m&amp#27;[36m&amp#27;[1m91911&amp#27;[0m&amp#27;[36m", "&amp#27;[0m&amp#27;[36m&amp#27;[1m01011111111&amp#27;[0m&amp#27;[36m", "&amp#27;[0m&amp#27;[36m&amp#27;[1m31&amp#27;[0m&amp#27;[36m", "&amp#27;[0m&amp#27;[36m&amp#27;[1mDecember&amp#27;[0m&amp#27;[36m", "&amp#27;[0m&amp#27;[36m&amp#27;[1m2020&amp#27;[0m&amp#27;[36m" with invalid "&amp#27;[0m&amp#27;[36m&amp#27;[1mbirthDate(futureDate)&amp#27;[0m&amp#27;[36m"&amp#27;[0m &amp#27;[90m# stepDef.AccountCreationSteps.write_invalid(java.lang.String,java.lang.String,java.lang.String,java.lang.String,java.lang.String,java.lang.String,java.lang.String,java.lang.String,java.lang.String,java.lang.String,java.lang.String,java.lang.String)&amp#27;[0m
  &amp#27;[36mAnd &amp#27;[0m&amp#27;[36mclick Register&amp#27;[0m                                                                                                                                                                &amp#27;[90m# stepDef.ProductOrderSteps.click_register()&amp#27;[0m
  &amp#27;[36mThen &amp#27;[0m&amp#27;[36mvalidate on page "&amp#27;[0m&amp#27;[36m&amp#27;[1mInvalid date of birth&amp#27;[0m&amp#27;[36m" according to the invalid "&amp#27;[0m&amp#27;[36m&amp#27;[1mbirthDate(futureDate)&amp#27;[0m&amp#27;[36m"&amp#27;[0m                                                                                    &amp#27;[90m# stepDef.AccountCreationSteps.validate_on_page_according_to_the_invalid(java.lang.String,java.lang.String)&amp#27;[0m
]]></system-out>
  </testcase>
</testsuite>